2022-04-09 15:10:15,433 : kivy : Factory: 186 symbols loaded
2022-04-09 15:10:15,570 : kivy : ImageLoaderFFPy: Using ffpyplayer 4.3.2
2022-04-09 15:10:15,570 : kivy : Image: Providers: img_tex, img_dds, img_sdl2, img_pil, img_ffpyplayer 
2022-04-09 15:10:15,605 : kivy : VideoGstplayer: Using Gstreamer 1.18.0.0
2022-04-09 15:10:15,605 : kivy : Video: Provider: gstplayer
2022-04-09 15:10:15,803 : kivy : Loading MPF-MC controller
2022-04-09 15:10:15,806 : YamlMultifileConfigLoader : Machine config file #1: config
2022-04-09 15:10:15,807 : ConfigProcessor : Config file in cache changed: C:\repio\mpfenv\crazyFlip\config\config
2022-04-09 15:10:15,808 : ConfigProcessor : Loading config from file c:\users\repio\downloads\python3.7.8\lib\site-packages\mpfmc\mcconfig.yaml.
2022-04-09 15:10:15,857 : ConfigProcessor : Loading config: c:\users\repio\downloads\python3.7.8\lib\site-packages\mpfmc\mcconfig.yaml
2022-04-09 15:10:15,858 : ConfigProcessor : Loading config from file C:\repio\mpfenv\crazyFlip\config\config.
2022-04-09 15:10:15,874 : ConfigProcessor : Loading config: C:\repio\mpfenv\crazyFlip\config\config
2022-04-09 15:10:15,897 : ConfigProcessor : Loading config: C:\repio\mpfenv\crazyFlip\config\hardware.yaml
2022-04-09 15:10:15,899 : ConfigProcessor : Config file cache created: C:\Users\Repio\AppData\Local\Temp\06f87a375a38eca5729c2ca63bf6404d.mpf_cache
2022-04-09 15:10:15,900 : ConfigProcessor : Loading config from cache: C:\Users\Repio\AppData\Local\Temp\768b97d3cdff3ba84c45a3739d497feb.mpf_cache
2022-04-09 15:10:15,900 : ConfigProcessor : Loading config from cache: C:\Users\Repio\AppData\Local\Temp\24f4c4ff75cc6aca9851c28bb2d62b1a.mpf_cache
2022-04-09 15:10:15,901 : ConfigProcessor : Loading config from cache: C:\Users\Repio\AppData\Local\Temp\b1d7b75ee3dfcd96ec53ba2a7f4646eb.mpf_cache
2022-04-09 15:10:15,901 : mpfmc : Mission Pinball Framework Media Controller v0.55.0
2022-04-09 15:10:15,901 : mpfmc : Mission Pinball Framework Game Engine v0.55.0
2022-04-09 15:10:15,902 : mpfmc : Machine path: C:\repio\mpfenv\crazyFlip
2022-04-09 15:10:15,902 : mpfmc : Starting clock at 60.0Hz
2022-04-09 15:10:15,915 : kivy : Text: Provider: sdl2
2022-04-09 15:10:15,950 : kivy : Window: Provider: sdl2
2022-04-09 15:10:16,208 : kivy : GL: Using the "OpenGL" graphics system
2022-04-09 15:10:16,213 : kivy : GL: GLEW initialization succeeded
2022-04-09 15:10:16,213 : kivy : GL: Backend used <glew>
2022-04-09 15:10:16,213 : kivy : GL: OpenGL version <b'4.6.0 NVIDIA 456.71'>
2022-04-09 15:10:16,213 : kivy : GL: OpenGL vendor <b'NVIDIA Corporation'>
2022-04-09 15:10:16,214 : kivy : GL: OpenGL renderer <b'GeForce GTX 1060 6GB/PCIe/SSE2'>
2022-04-09 15:10:16,214 : kivy : GL: OpenGL parsed version: 4, 6
2022-04-09 15:10:16,214 : kivy : GL: Shading version <b'4.60 NVIDIA'>
2022-04-09 15:10:16,214 : kivy : GL: Texture max size <32768>
2022-04-09 15:10:16,214 : kivy : GL: Texture max units <32>
2022-04-09 15:10:16,241 : kivy : Window: auto add sdl2 input provider
2022-04-09 15:10:16,241 : kivy : Window: virtual keyboard not allowed, single mode, not docked
2022-04-09 15:10:16,247 : SoundSystem : SoundSystem: Using default 'sound_system' settings
2022-04-09 15:10:16,494 : AudioInterface : Initialized
2022-04-09 15:10:16,494 : AudioInterface : Loaded SDL 2.0.12
2022-04-09 15:10:16,494 : AudioInterface : Loaded SDL_Mixer 2.0.4
2022-04-09 15:10:16,494 : AudioInterface : Loaded GStreamer 1.18.0.0
2022-04-09 15:10:16,495 : AudioInterface : Loaded GLib 2.62.6
2022-04-09 15:10:16,495 : AudioInterface : Settings requested - rate: 44100, channels: 1, buffer: 2048 samples
2022-04-09 15:10:16,495 : AudioInterface : Settings in use - rate: 44100, channels: 1, buffer: 2048 samples (4096 bytes @ 2 bytes per sample)
2022-04-09 15:10:16,495 : SoundSystem : No audio tracks are specified in your machine config file. a track named 'default' has been created.
2022-04-09 15:10:16,495 : SoundSystem : Setting master volume to 0.0
2022-04-09 15:10:16,495 : SoundSystem : master_volume in sound_system is deprecated and will be removed in the future.
2022-04-09 15:10:16,495 : AudioInterface : Enabling audio playback
2022-04-09 15:10:16,497 : kivy : Base: Start application main loop
2022-04-09 15:10:16,498 : EventManager : Event: ======'display_windows_initialized'====== Args={}
2022-04-09 15:10:16,510 : mpfmc : Display: Setting 'windows' as default display
2022-04-09 15:10:16,516 : EventManager : Event: ======'displays_initialized'====== Args={}
2022-04-09 15:10:16,517 : EventManager : Event: ======'slide_windows_blank_created'====== Args={}
2022-04-09 15:10:16,517 : EventManager : Event: ======'display_windows_ready'====== Args={}
2022-04-09 15:10:16,526 : EventManager : Event: ======'init_phase_1'====== Args={}
2022-04-09 15:10:16,531 : EventManager : Event: ======'mc_ready'====== Args={}
2022-04-09 15:10:16,531 : EventManager : Event: ======'init_phase_2'====== Args={}
2022-04-09 15:10:16,533 : EventManager : Event: ======'init_phase_3'====== Args={}
2022-04-09 15:10:16,535 : EventManager : Event: ======'init_phase_4'====== Args={}
2022-04-09 15:10:16,535 : EventManager : Event: ======'init_phase_5'====== Args={}
2022-04-09 15:10:16,560 : kivy : GL: NPOT texture support is available
2022-04-09 15:10:16,562 : EventManager : Event: ======'loading_assets'====== Args={'total': 1, 'loaded': 1, 'remaining': 0, 'percent': 100}
2022-04-09 15:10:16,562 : AssetManager : Asset loading took: 0.06682348251342773
2022-04-09 15:10:16,562 : EventManager : Event: ======'asset_loading_complete'====== Args={}
2022-04-09 15:10:16,562 : AssetManager : Loading assets: 1/1 (100%)
2022-04-09 15:10:16,562 : EventManager : Event: ======'init_done'====== Args={}
2022-04-09 15:10:16,562 : MPF-MC BCP Server : Starting up on localhost port 5050
2022-04-09 15:10:16,566 : MPF-MC BCP Server : Waiting for a connection...
2022-04-09 15:10:16,566 : mpfmc : SlidePlayer: Play called with settings={'slides': {slide_start-None-None: {'priority': None, 'target': None, 'background_color': [0.0, 0.0, 0.0, 1.0], 'show': True, 'force': False, 'expire': None, 'slide': None, 'tokens': {}, 'action': 'play', 'transition': None, 'transition_out': None}}}
2022-04-09 15:10:16,571 : EventManager : Event: ======'slide_slide_start_created'====== Args={}
2022-04-09 15:10:16,572 : EventManager : Event: ======'slide_slide_start_active'====== Args={}
2022-04-09 15:10:16,574 : EventManager : Event: ======'client_disconnected'====== Args={'host': '127.0.0.1', 'port': 5050}
2022-04-09 15:10:17,457 : MPF-MC BCP Server : Received connection from: 127.0.0.1:61728
2022-04-09 15:10:17,460 : EventManager : Event: ======'client_connected'====== Args={'host': '127.0.0.1', 'port': 61728}
2022-04-09 15:10:17,472 : EventManager : Event: ======'machine_var_credits_string'====== Args={'value': 'FREE PLAY', 'prev_value': None, 'change': True}
2022-04-09 15:10:17,472 : EventManager : Event: ======'machine_var_master_volume'====== Args={'value': 0.5, 'prev_value': None, 'change': True}
2022-04-09 15:10:17,472 : EventManager : Event: ======'machine_var_player1_score'====== Args={'value': 1450, 'prev_value': None, 'change': True}
2022-04-09 15:10:17,472 : EventManager : Event: ======'machine_var_mpf_version'====== Args={'value': 'MPF v0.55.0', 'prev_value': None, 'change': True}
2022-04-09 15:10:17,472 : EventManager : Event: ======'machine_var_mpf_extended_version'====== Args={'value': 'MPF v0.55.0, Config version:5, Show version: 5, BCP version:1.1', 'prev_value': None, 'change': True}
2022-04-09 15:10:17,472 : EventManager : Event: ======'machine_var_python_version'====== Args={'value': '3.7.8', 'prev_value': None, 'change': True}
2022-04-09 15:10:17,473 : EventManager : Event: ======'machine_var_platform'====== Args={'value': 'Windows-10-10.0.19041-SP0', 'prev_value': None, 'change': True}
2022-04-09 15:10:17,473 : EventManager : Event: ======'machine_var_platform_system'====== Args={'value': 'Windows', 'prev_value': None, 'change': True}
2022-04-09 15:10:17,473 : EventManager : Event: ======'machine_var_platform_release'====== Args={'value': '10', 'prev_value': None, 'change': True}
2022-04-09 15:10:17,473 : EventManager : Event: ======'machine_var_platform_version'====== Args={'value': '10.0.19041', 'prev_value': None, 'change': True}
2022-04-09 15:10:17,473 : EventManager : Event: ======'machine_var_platform_machine'====== Args={'value': 'AMD64', 'prev_value': None, 'change': True}
2022-04-09 15:10:17,473 : EventManager : Event: ======'machine_var_mc_version'====== Args={'value': 'MPF-MC v0.55.0', 'prev_value': None, 'change': True}
2022-04-09 15:10:17,473 : EventManager : Event: ======'machine_var_mc_extended_version'====== Args={'value': 'MPF-MC v0.55.0 (config_version=5, BCP v1.1, Requires MPF v0.55.0-dev.49)', 'prev_value': None, 'change': True}
2022-04-09 15:10:17,473 : SoundSystem : Setting master volume to 0.5
2022-04-09 15:10:17,522 : EventManager : Event: ======'machine_var_audits_events_game_ended'====== Args={'value': 0, 'prev_value': None, 'change': True}
2022-04-09 15:10:17,522 : EventManager : Event: ======'machine_var_audits_events_game_started'====== Args={'value': 0, 'prev_value': None, 'change': True}
2022-04-09 15:10:17,522 : EventManager : Event: ======'machine_var_audits_player_score'====== Args={'value': {'average': 111.53846153846153, 'top': [1450, 0, 0, 0, 0, 0, 0, 0, 0, 0], 'total': 13}, 'prev_value': None, 'change': True}
2022-04-09 15:10:17,522 : EventManager : Event: ======'machine_var_audits_switches_s_flipper_left'====== Args={'value': 9, 'prev_value': None, 'change': True}
2022-04-09 15:10:17,522 : EventManager : Event: ======'machine_var_audits_switches_s_flipper_right'====== Args={'value': 8, 'prev_value': None, 'change': True}
2022-04-09 15:10:17,522 : EventManager : Event: ======'machine_var_audits_switches_s_flipper_upper'====== Args={'value': 28, 'prev_value': None, 'change': True}
2022-04-09 15:10:17,522 : EventManager : Event: ======'machine_var_audits_switches_s_jet_down'====== Args={'value': 23, 'prev_value': None, 'change': True}
2022-04-09 15:10:17,522 : EventManager : Event: ======'machine_var_audits_switches_s_jet_left'====== Args={'value': 44, 'prev_value': None, 'change': True}
2022-04-09 15:10:17,523 : EventManager : Event: ======'machine_var_audits_switches_s_jet_right'====== Args={'value': 26, 'prev_value': None, 'change': True}
2022-04-09 15:10:17,523 : EventManager : Event: ======'machine_var_audits_switches_s_plunger'====== Args={'value': 68, 'prev_value': None, 'change': True}
2022-04-09 15:10:17,523 : EventManager : Event: ======'machine_var_audits_switches_s_right_inlane'====== Args={'value': 51, 'prev_value': None, 'change': True}
2022-04-09 15:10:17,523 : EventManager : Event: ======'machine_var_audits_switches_s_sling_left'====== Args={'value': 11, 'prev_value': None, 'change': True}
2022-04-09 15:10:17,523 : EventManager : Event: ======'machine_var_audits_switches_s_slingshot_right'====== Args={'value': 14, 'prev_value': None, 'change': True}
2022-04-09 15:10:17,523 : EventManager : Event: ======'machine_var_audits_switches_s_start'====== Args={'value': 44, 'prev_value': None, 'change': True}
2022-04-09 15:10:17,523 : EventManager : Event: ======'machine_var_audits_switches_s_trough1'====== Args={'value': 41, 'prev_value': None, 'change': True}
2022-04-09 15:10:17,523 : EventManager : Event: ======'machine_var_audits_switches_s_trough2'====== Args={'value': 1, 'prev_value': None, 'change': True}
2022-04-09 15:10:17,534 : EventManager : Event: ======'machine_var_audits_switches_s_trough3'====== Args={'value': 0, 'prev_value': None, 'change': True}
2022-04-09 15:10:17,534 : EventManager : Event: ======'machine_var_audits_switches_s_trough4'====== Args={'value': 0, 'prev_value': None, 'change': True}
2022-04-09 15:10:17,534 : EventManager : Event: ======'machine_var_audits_switches_s_trough5'====== Args={'value': 0, 'prev_value': None, 'change': True}
2022-04-09 15:10:17,534 : EventManager : Event: ======'machine_var_audits_switches_s_trough6'====== Args={'value': 0, 'prev_value': None, 'change': True}
2022-04-09 15:10:17,534 : EventManager : Event: ======'machine_var_audits_switches_s_trough_jam'====== Args={'value': 0, 'prev_value': None, 'change': True}
2022-04-09 15:10:17,546 : EventManager : Event: ======'slides_play'====== Args={'settings': {'slide_start': {'target': None, 'background_color': [0.0, 0.0, 0.0, 1.0], 'priority': None, 'show': True, 'force': False, 'expire': None, 'slide': None, 'tokens': {}, 'action': 'play'}}, 'context': '_global', 'calling_context': 'init_done', 'priority': 0}
2022-04-09 15:10:17,546 : EventManager : Event: ======'mc_reset_phase_1'====== Args={}
2022-04-09 15:10:17,546 : mpfmc : SlidePlayer: Play called with settings={'slide_start': {'target': None, 'background_color': [0.0, 0.0, 0.0, 1.0], 'priority': None, 'show': True, 'force': False, 'expire': None, 'slide': None, 'tokens': {}, 'action': 'play'}}
2022-04-09 15:10:17,546 : EventManager : Event: ======'slide_slide_start_removed'====== Args={}
2022-04-09 15:10:17,548 : EventManager : Event: ======'slide_slide_start_created'====== Args={}
2022-04-09 15:10:17,548 : EventManager : Event: ======'mc_reset_phase_2'====== Args={}
2022-04-09 15:10:17,548 : EventManager : Event: ======'mc_reset_phase_3'====== Args={}
2022-04-09 15:10:17,549 : EventManager : Event: ======'mc_reset_complete'====== Args={}
2022-04-09 15:10:17,549 : EventManager : Event: ======'slide_slide_start_active'====== Args={}
2022-04-09 15:10:17,559 : EventManager : Event: ======'slides_play'====== Args={'settings': {'attract_started': {'target': None, 'background_color': [0.0, 0.0, 0.0, 1.0], 'priority': None, 'show': True, 'force': False, 'expire': None, 'slide': None, 'tokens': {}, 'action': 'play'}}, 'context': '_global', 'calling_context': 'mode_attract_started', 'priority': 0}
2022-04-09 15:10:17,559 : mpfmc : SlidePlayer: Play called with settings={'attract_started': {'target': None, 'background_color': [0.0, 0.0, 0.0, 1.0], 'priority': None, 'show': True, 'force': False, 'expire': None, 'slide': None, 'tokens': {}, 'action': 'play'}}
2022-04-09 15:10:17,562 : EventManager : Event: ======'slide_attract_started_created'====== Args={}
2022-04-09 15:10:17,563 : EventManager : Event: ======'slide_attract_started_active'====== Args={}
2022-04-09 15:12:02,334 : EventManager : Event: ======'game_started'====== Args={}
2022-04-09 15:12:02,334 : EventManager : Event: ======'player_added'====== Args={'player': <Player 1>, 'num': 1}
2022-04-09 15:12:02,334 : EventManager : Event: ======'player_index'====== Args={'value': 0, 'prev_value': 0, 'change': 0, 'player_num': 1}
2022-04-09 15:12:02,334 : EventManager : Event: ======'player_number'====== Args={'value': 1, 'prev_value': 1, 'change': 0, 'player_num': 1}
2022-04-09 15:12:02,334 : EventManager : Event: ======'player_score'====== Args={'value': 0, 'prev_value': 0, 'change': 0, 'player_num': 1}
2022-04-09 15:12:02,334 : EventManager : Event: ======'player_jet_count'====== Args={'value': 0, 'prev_value': 0, 'change': 0, 'player_num': 1}
2022-04-09 15:12:02,359 : EventManager : Event: ======'player_ball'====== Args={'value': 1, 'prev_value': 0, 'change': 1, 'player_num': 1}
2022-04-09 15:12:02,359 : EventManager : Event: ======'player_turn_start'====== Args={'number': 1, 'player': <Player 1>}
2022-04-09 15:12:02,359 : EventManager : Event: ======'slides_play'====== Args={'settings': {'widgets': {'widgets': [{'type': 'text', 'text': '(score)', 'number_grouping': True, 'min_digits': 2, 'font_size': 100, '_default_settings': ['type', 'text', 'number_grouping', 'min_digits', 'font_size'], 'x': None, 'y': None, 'anchor_x': 'center', 'anchor_y': 'center', 'round_anchor_x': None, 'round_anchor_y': None, 'opacity': 1.0, 'z': 0, 'reset_animations_events': {}, 'color': [1.0, 1.0, 1.0, 1.0], 'style': [], 'adjust_top': 0, 'adjust_bottom': 0, 'adjust_left': 0, 'adjust_right': 0, 'expire': None, 'key': None, 'widget': None, 'events_when_added': [], 'events_when_removed': [], 'bitmap_font': False, 'font_kerning': True, 'bold': False, 'italic': False, 'halign': 'center', 'valign': 'middle', 'rotation': 0, 'scale': 1.0, 'casing': None, 'animations': None}, {'type': 'text', 'text': 'PLAYER (number)', 'y': '10', 'x': '10', 'font_size': 50, 'anchor_x': 'left', 'anchor_y': 'bottom', '_default_settings': ['type', 'text', 'y', 'x', 'font_size', 'anchor_x', 'anchor_y'], 'round_anchor_x': None, 'round_anchor_y': None, 'opacity': 1.0, 'z': 0, 'reset_animations_events': {}, 'color': [1.0, 1.0, 1.0, 1.0], 'style': [], 'adjust_top': 0, 'adjust_bottom': 0, 'adjust_left': 0, 'adjust_right': 0, 'expire': None, 'key': None, 'widget': None, 'events_when_added': [], 'events_when_removed': [], 'bitmap_font': False, 'font_kerning': True, 'bold': False, 'italic': False, 'number_grouping': False, 'min_digits': 0, 'halign': 'center', 'valign': 'middle', 'rotation': 0, 'scale': 1.0, 'casing': None, 'animations': None}, {'type': 'text', 'text': 'BALL (ball)', 'y': '10', 'x': 'right-10', 'anchor_x': 'right', 'anchor_y': 'bottom', 'font_size': 50, '_default_settings': ['type', 'text', 'y', 'x', 'anchor_x', 'anchor_y', 'font_size'], 'round_anchor_x': None, 'round_anchor_y': None, 'opacity': 1.0, 'z': 0, 'reset_animations_events': {}, 'color': [1.0, 1.0, 1.0, 1.0], 'style': [], 'adjust_top': 0, 'adjust_bottom': 0, 'adjust_left': 0, 'adjust_right': 0, 'expire': None, 'key': None, 'widget': None, 'events_when_added': [], 'events_when_removed': [], 'bitmap_font': False, 'font_kerning': True, 'bold': False, 'italic': False, 'number_grouping': False, 'min_digits': 0, 'halign': 'center', 'valign': 'middle', 'rotation': 0, 'scale': 1.0, 'casing': None, 'animations': None}, {'type': 'text', 'text': 'Bumpers Count: (jet_count)', 'y': '40%', '_default_settings': ['type', 'text', 'y'], 'x': None, 'anchor_x': 'center', 'anchor_y': 'center', 'round_anchor_x': None, 'round_anchor_y': None, 'opacity': 1.0, 'z': 0, 'reset_animations_events': {}, 'color': [1.0, 1.0, 1.0, 1.0], 'style': [], 'adjust_top': 0, 'adjust_bottom': 0, 'adjust_left': 0, 'adjust_right': 0, 'expire': None, 'key': None, 'widget': None, 'events_when_added': [], 'events_when_removed': [], 'font_size': 15, 'bitmap_font': False, 'font_kerning': True, 'bold': False, 'italic': False, 'number_grouping': False, 'min_digits': 0, 'halign': 'center', 'valign': 'middle', 'rotation': 0, 'scale': 1.0, 'casing': None, 'animations': None}], 'target': None, 'background_color': [0.0, 0.0, 0.0, 1.0], 'priority': None, 'show': True, 'force': False, 'expire': None, 'slide': None, 'tokens': {}, 'action': 'play'}}, 'context': 'base', 'calling_context': 'mode_base_started', 'priority': 100, 'player': 1, 'ball': 1, 'balls_remaining': 2, 'is_extra_ball': False}
2022-04-09 15:12:02,359 : mpfmc : SlidePlayer: Play called with settings={'widgets': {'widgets': [{'type': 'text', 'text': '(score)', 'number_grouping': True, 'min_digits': 2, 'font_size': 100, '_default_settings': ['type', 'text', 'number_grouping', 'min_digits', 'font_size'], 'x': None, 'y': None, 'anchor_x': 'center', 'anchor_y': 'center', 'round_anchor_x': None, 'round_anchor_y': None, 'opacity': 1.0, 'z': 0, 'reset_animations_events': {}, 'color': [1.0, 1.0, 1.0, 1.0], 'style': [], 'adjust_top': 0, 'adjust_bottom': 0, 'adjust_left': 0, 'adjust_right': 0, 'expire': None, 'key': None, 'widget': None, 'events_when_added': [], 'events_when_removed': [], 'bitmap_font': False, 'font_kerning': True, 'bold': False, 'italic': False, 'halign': 'center', 'valign': 'middle', 'rotation': 0, 'scale': 1.0, 'casing': None, 'animations': None}, {'type': 'text', 'text': 'PLAYER (number)', 'y': '10', 'x': '10', 'font_size': 50, 'anchor_x': 'left', 'anchor_y': 'bottom', '_default_settings': ['type', 'text', 'y', 'x', 'font_size', 'anchor_x', 'anchor_y'], 'round_anchor_x': None, 'round_anchor_y': None, 'opacity': 1.0, 'z': 0, 'reset_animations_events': {}, 'color': [1.0, 1.0, 1.0, 1.0], 'style': [], 'adjust_top': 0, 'adjust_bottom': 0, 'adjust_left': 0, 'adjust_right': 0, 'expire': None, 'key': None, 'widget': None, 'events_when_added': [], 'events_when_removed': [], 'bitmap_font': False, 'font_kerning': True, 'bold': False, 'italic': False, 'number_grouping': False, 'min_digits': 0, 'halign': 'center', 'valign': 'middle', 'rotation': 0, 'scale': 1.0, 'casing': None, 'animations': None}, {'type': 'text', 'text': 'BALL (ball)', 'y': '10', 'x': 'right-10', 'anchor_x': 'right', 'anchor_y': 'bottom', 'font_size': 50, '_default_settings': ['type', 'text', 'y', 'x', 'anchor_x', 'anchor_y', 'font_size'], 'round_anchor_x': None, 'round_anchor_y': None, 'opacity': 1.0, 'z': 0, 'reset_animations_events': {}, 'color': [1.0, 1.0, 1.0, 1.0], 'style': [], 'adjust_top': 0, 'adjust_bottom': 0, 'adjust_left': 0, 'adjust_right': 0, 'expire': None, 'key': None, 'widget': None, 'events_when_added': [], 'events_when_removed': [], 'bitmap_font': False, 'font_kerning': True, 'bold': False, 'italic': False, 'number_grouping': False, 'min_digits': 0, 'halign': 'center', 'valign': 'middle', 'rotation': 0, 'scale': 1.0, 'casing': None, 'animations': None}, {'type': 'text', 'text': 'Bumpers Count: (jet_count)', 'y': '40%', '_default_settings': ['type', 'text', 'y'], 'x': None, 'anchor_x': 'center', 'anchor_y': 'center', 'round_anchor_x': None, 'round_anchor_y': None, 'opacity': 1.0, 'z': 0, 'reset_animations_events': {}, 'color': [1.0, 1.0, 1.0, 1.0], 'style': [], 'adjust_top': 0, 'adjust_bottom': 0, 'adjust_left': 0, 'adjust_right': 0, 'expire': None, 'key': None, 'widget': None, 'events_when_added': [], 'events_when_removed': [], 'font_size': 15, 'bitmap_font': False, 'font_kerning': True, 'bold': False, 'italic': False, 'number_grouping': False, 'min_digits': 0, 'halign': 'center', 'valign': 'middle', 'rotation': 0, 'scale': 1.0, 'casing': None, 'animations': None}], 'target': None, 'background_color': [0.0, 0.0, 0.0, 1.0], 'priority': None, 'show': True, 'force': False, 'expire': None, 'slide': None, 'tokens': {}, 'action': 'play'}}
2022-04-09 15:12:02,366 : EventManager : Event: ======'slide_base.slide_player-mode_base_started_created'====== Args={}
2022-04-09 15:12:02,368 : EventManager : Event: ======'slide_base.slide_player-mode_base_started_active'====== Args={}
2022-04-09 15:12:02,471 : EventManager : Event: ======'machine_var_audits_switches_s_plunger'====== Args={'value': 69, 'prev_value': 68, 'change': 1}
2022-04-09 15:12:54,502 : EventManager : Event: ======'machine_var_audits_switches_s_start'====== Args={'value': 45, 'prev_value': 44, 'change': 1}
2022-04-09 15:12:54,502 : EventManager : Event: ======'player_added'====== Args={'player': <Player 2>, 'num': 2}
2022-04-09 15:12:54,502 : EventManager : Event: ======'player_index'====== Args={'value': 1, 'prev_value': 1, 'change': 0, 'player_num': 2}
2022-04-09 15:12:54,502 : EventManager : Event: ======'player_number'====== Args={'value': 2, 'prev_value': 2, 'change': 0, 'player_num': 2}
2022-04-09 15:12:54,502 : EventManager : Event: ======'player_score'====== Args={'value': 0, 'prev_value': 0, 'change': 0, 'player_num': 2}
2022-04-09 15:12:54,502 : EventManager : Event: ======'player_jet_count'====== Args={'value': 0, 'prev_value': 0, 'change': 0, 'player_num': 2}
2022-04-09 15:13:03,609 : EventManager : Event: ======'machine_var_audits_switches_s_jet_left'====== Args={'value': 45, 'prev_value': 44, 'change': 1}
2022-04-09 15:13:03,609 : EventManager : Event: ======'player_score'====== Args={'value': 50, 'prev_value': 0, 'change': 50, 'player_num': 1}
2022-04-09 15:13:03,609 : EventManager : Event: ======'player_jet_count'====== Args={'value': 1, 'prev_value': 0, 'change': 1, 'player_num': 1}
2022-04-09 15:13:04,122 : EventManager : Event: ======'machine_var_audits_switches_s_jet_right'====== Args={'value': 27, 'prev_value': 26, 'change': 1}
2022-04-09 15:13:04,122 : EventManager : Event: ======'player_score'====== Args={'value': 100, 'prev_value': 50, 'change': 50, 'player_num': 1}
2022-04-09 15:13:04,122 : EventManager : Event: ======'player_jet_count'====== Args={'value': 2, 'prev_value': 1, 'change': 1, 'player_num': 1}
2022-04-09 15:13:04,862 : EventManager : Event: ======'machine_var_audits_switches_s_jet_down'====== Args={'value': 24, 'prev_value': 23, 'change': 1}
2022-04-09 15:13:04,862 : EventManager : Event: ======'player_score'====== Args={'value': 150, 'prev_value': 100, 'change': 50, 'player_num': 1}
2022-04-09 15:13:04,862 : EventManager : Event: ======'player_jet_count'====== Args={'value': 3, 'prev_value': 2, 'change': 1, 'player_num': 1}
2022-04-09 15:13:05,590 : EventManager : Event: ======'machine_var_audits_switches_s_jet_left'====== Args={'value': 46, 'prev_value': 45, 'change': 1}
2022-04-09 15:13:05,590 : EventManager : Event: ======'player_score'====== Args={'value': 200, 'prev_value': 150, 'change': 50, 'player_num': 1}
2022-04-09 15:13:05,590 : EventManager : Event: ======'player_jet_count'====== Args={'value': 4, 'prev_value': 3, 'change': 1, 'player_num': 1}
2022-04-09 15:13:05,992 : EventManager : Event: ======'machine_var_audits_switches_s_jet_right'====== Args={'value': 28, 'prev_value': 27, 'change': 1}
2022-04-09 15:13:05,992 : EventManager : Event: ======'player_score'====== Args={'value': 250, 'prev_value': 200, 'change': 50, 'player_num': 1}
2022-04-09 15:13:05,992 : EventManager : Event: ======'player_jet_count'====== Args={'value': 5, 'prev_value': 4, 'change': 1, 'player_num': 1}
2022-04-09 15:13:06,837 : EventManager : Event: ======'machine_var_audits_switches_s_jet_left'====== Args={'value': 47, 'prev_value': 46, 'change': 1}
2022-04-09 15:13:06,837 : EventManager : Event: ======'player_score'====== Args={'value': 300, 'prev_value': 250, 'change': 50, 'player_num': 1}
2022-04-09 15:13:06,837 : EventManager : Event: ======'player_jet_count'====== Args={'value': 6, 'prev_value': 5, 'change': 1, 'player_num': 1}
2022-04-09 15:13:07,112 : EventManager : Event: ======'machine_var_audits_switches_s_jet_right'====== Args={'value': 29, 'prev_value': 28, 'change': 1}
2022-04-09 15:13:07,112 : EventManager : Event: ======'player_score'====== Args={'value': 350, 'prev_value': 300, 'change': 50, 'player_num': 1}
2022-04-09 15:13:07,112 : EventManager : Event: ======'player_jet_count'====== Args={'value': 7, 'prev_value': 6, 'change': 1, 'player_num': 1}
2022-04-09 15:13:07,613 : EventManager : Event: ======'machine_var_audits_switches_s_jet_left'====== Args={'value': 48, 'prev_value': 47, 'change': 1}
2022-04-09 15:13:07,613 : EventManager : Event: ======'player_score'====== Args={'value': 400, 'prev_value': 350, 'change': 50, 'player_num': 1}
2022-04-09 15:13:07,613 : EventManager : Event: ======'player_jet_count'====== Args={'value': 8, 'prev_value': 7, 'change': 1, 'player_num': 1}
2022-04-09 15:13:08,551 : EventManager : Event: ======'machine_var_audits_switches_s_jet_left'====== Args={'value': 49, 'prev_value': 48, 'change': 1}
2022-04-09 15:13:08,551 : EventManager : Event: ======'player_score'====== Args={'value': 450, 'prev_value': 400, 'change': 50, 'player_num': 1}
2022-04-09 15:13:08,551 : EventManager : Event: ======'player_jet_count'====== Args={'value': 9, 'prev_value': 8, 'change': 1, 'player_num': 1}
2022-04-09 15:13:08,975 : EventManager : Event: ======'machine_var_audits_switches_s_jet_right'====== Args={'value': 30, 'prev_value': 29, 'change': 1}
2022-04-09 15:13:08,975 : EventManager : Event: ======'player_score'====== Args={'value': 500, 'prev_value': 450, 'change': 50, 'player_num': 1}
2022-04-09 15:13:08,975 : EventManager : Event: ======'player_jet_count'====== Args={'value': 10, 'prev_value': 9, 'change': 1, 'player_num': 1}
2022-04-09 15:13:09,742 : EventManager : Event: ======'machine_var_audits_switches_s_jet_down'====== Args={'value': 25, 'prev_value': 24, 'change': 1}
2022-04-09 15:13:09,742 : EventManager : Event: ======'player_score'====== Args={'value': 550, 'prev_value': 500, 'change': 50, 'player_num': 1}
2022-04-09 15:13:09,742 : EventManager : Event: ======'player_jet_count'====== Args={'value': 11, 'prev_value': 10, 'change': 1, 'player_num': 1}
2022-04-09 15:13:10,144 : EventManager : Event: ======'machine_var_audits_switches_s_jet_down'====== Args={'value': 26, 'prev_value': 25, 'change': 1}
2022-04-09 15:13:10,144 : EventManager : Event: ======'player_score'====== Args={'value': 600, 'prev_value': 550, 'change': 50, 'player_num': 1}
2022-04-09 15:13:10,144 : EventManager : Event: ======'player_jet_count'====== Args={'value': 12, 'prev_value': 11, 'change': 1, 'player_num': 1}
2022-04-09 15:13:18,791 : EventManager : Event: ======'machine_var_audits_switches_s_slingshot_right'====== Args={'value': 15, 'prev_value': 14, 'change': 1}
2022-04-09 15:13:18,791 : EventManager : Event: ======'player_score'====== Args={'value': 700, 'prev_value': 600, 'change': 100, 'player_num': 1}
2022-04-09 15:13:19,417 : EventManager : Event: ======'machine_var_audits_switches_s_slingshot_right'====== Args={'value': 16, 'prev_value': 15, 'change': 1}
2022-04-09 15:13:19,417 : EventManager : Event: ======'player_score'====== Args={'value': 800, 'prev_value': 700, 'change': 100, 'player_num': 1}
2022-04-09 15:13:20,781 : EventManager : Event: ======'machine_var_audits_switches_s_slingshot_right'====== Args={'value': 17, 'prev_value': 16, 'change': 1}
2022-04-09 15:13:20,781 : EventManager : Event: ======'player_score'====== Args={'value': 900, 'prev_value': 800, 'change': 100, 'player_num': 1}
2022-04-09 15:13:21,657 : EventManager : Event: ======'machine_var_audits_switches_s_slingshot_right'====== Args={'value': 18, 'prev_value': 17, 'change': 1}
2022-04-09 15:13:21,657 : EventManager : Event: ======'player_score'====== Args={'value': 1000, 'prev_value': 900, 'change': 100, 'player_num': 1}
2022-04-09 15:13:27,145 : EventManager : Event: ======'machine_var_audits_switches_s_flipper_right'====== Args={'value': 9, 'prev_value': 8, 'change': 1}
2022-04-09 15:13:27,743 : EventManager : Event: ======'machine_var_audits_switches_s_flipper_right'====== Args={'value': 10, 'prev_value': 9, 'change': 1}
2022-04-09 15:13:28,354 : EventManager : Event: ======'machine_var_audits_switches_s_flipper_right'====== Args={'value': 11, 'prev_value': 10, 'change': 1}
2022-04-09 15:13:28,592 : EventManager : Event: ======'machine_var_audits_switches_s_flipper_left'====== Args={'value': 10, 'prev_value': 9, 'change': 1}
2022-04-09 15:13:28,855 : EventManager : Event: ======'machine_var_audits_switches_s_flipper_right'====== Args={'value': 12, 'prev_value': 11, 'change': 1}
2022-04-09 15:13:29,055 : EventManager : Event: ======'machine_var_audits_switches_s_flipper_left'====== Args={'value': 11, 'prev_value': 10, 'change': 1}
2022-04-09 15:13:29,217 : EventManager : Event: ======'machine_var_audits_switches_s_flipper_right'====== Args={'value': 13, 'prev_value': 12, 'change': 1}
2022-04-09 15:13:29,391 : EventManager : Event: ======'machine_var_audits_switches_s_flipper_left'====== Args={'value': 12, 'prev_value': 11, 'change': 1}
2022-04-09 15:13:31,761 : EventManager : Event: ======'machine_var_audits_switches_s_flipper_upper'====== Args={'value': 29, 'prev_value': 28, 'change': 1}
2022-04-09 15:13:32,074 : EventManager : Event: ======'machine_var_audits_switches_s_flipper_upper'====== Args={'value': 30, 'prev_value': 29, 'change': 1}
2022-04-09 15:13:32,285 : EventManager : Event: ======'machine_var_audits_switches_s_flipper_upper'====== Args={'value': 31, 'prev_value': 30, 'change': 1}
2022-04-09 15:13:40,221 : EventManager : Event: ======'machine_var_audits_switches_s_trough1'====== Args={'value': 42, 'prev_value': 41, 'change': 1}
2022-04-09 15:13:40,721 : EventManager : Event: ======'slides_clear'====== Args={'context': 'base'}
2022-04-09 15:13:40,721 : EventManager : Event: ======'slide_base.slide_player-mode_base_started_removed'====== Args={}
2022-04-09 15:13:40,722 : EventManager : Event: ======'slide_attract_started_active'====== Args={}
2022-04-09 15:13:40,759 : EventManager : Event: ======'player_ball'====== Args={'value': 1, 'prev_value': 0, 'change': 1, 'player_num': 2}
2022-04-09 15:13:40,759 : EventManager : Event: ======'player_turn_start'====== Args={'number': 2, 'player': <Player 2>}
2022-04-09 15:13:40,771 : EventManager : Event: ======'slides_play'====== Args={'settings': {'widgets': {'widgets': [{'type': 'text', 'text': '(score)', 'number_grouping': True, 'min_digits': 2, 'font_size': 100, '_default_settings': ['type', 'text', 'number_grouping', 'min_digits', 'font_size'], 'x': None, 'y': None, 'anchor_x': 'center', 'anchor_y': 'center', 'round_anchor_x': None, 'round_anchor_y': None, 'opacity': 1.0, 'z': 0, 'reset_animations_events': {}, 'color': [1.0, 1.0, 1.0, 1.0], 'style': [], 'adjust_top': 0, 'adjust_bottom': 0, 'adjust_left': 0, 'adjust_right': 0, 'expire': None, 'key': None, 'widget': None, 'events_when_added': [], 'events_when_removed': [], 'bitmap_font': False, 'font_kerning': True, 'bold': False, 'italic': False, 'halign': 'center', 'valign': 'middle', 'rotation': 0, 'scale': 1.0, 'casing': None, 'animations': None}, {'type': 'text', 'text': 'PLAYER (number)', 'y': '10', 'x': '10', 'font_size': 50, 'anchor_x': 'left', 'anchor_y': 'bottom', '_default_settings': ['type', 'text', 'y', 'x', 'font_size', 'anchor_x', 'anchor_y'], 'round_anchor_x': None, 'round_anchor_y': None, 'opacity': 1.0, 'z': 0, 'reset_animations_events': {}, 'color': [1.0, 1.0, 1.0, 1.0], 'style': [], 'adjust_top': 0, 'adjust_bottom': 0, 'adjust_left': 0, 'adjust_right': 0, 'expire': None, 'key': None, 'widget': None, 'events_when_added': [], 'events_when_removed': [], 'bitmap_font': False, 'font_kerning': True, 'bold': False, 'italic': False, 'number_grouping': False, 'min_digits': 0, 'halign': 'center', 'valign': 'middle', 'rotation': 0, 'scale': 1.0, 'casing': None, 'animations': None}, {'type': 'text', 'text': 'BALL (ball)', 'y': '10', 'x': 'right-10', 'anchor_x': 'right', 'anchor_y': 'bottom', 'font_size': 50, '_default_settings': ['type', 'text', 'y', 'x', 'anchor_x', 'anchor_y', 'font_size'], 'round_anchor_x': None, 'round_anchor_y': None, 'opacity': 1.0, 'z': 0, 'reset_animations_events': {}, 'color': [1.0, 1.0, 1.0, 1.0], 'style': [], 'adjust_top': 0, 'adjust_bottom': 0, 'adjust_left': 0, 'adjust_right': 0, 'expire': None, 'key': None, 'widget': None, 'events_when_added': [], 'events_when_removed': [], 'bitmap_font': False, 'font_kerning': True, 'bold': False, 'italic': False, 'number_grouping': False, 'min_digits': 0, 'halign': 'center', 'valign': 'middle', 'rotation': 0, 'scale': 1.0, 'casing': None, 'animations': None}, {'type': 'text', 'text': 'Bumpers Count: (jet_count)', 'y': '40%', '_default_settings': ['type', 'text', 'y'], 'x': None, 'anchor_x': 'center', 'anchor_y': 'center', 'round_anchor_x': None, 'round_anchor_y': None, 'opacity': 1.0, 'z': 0, 'reset_animations_events': {}, 'color': [1.0, 1.0, 1.0, 1.0], 'style': [], 'adjust_top': 0, 'adjust_bottom': 0, 'adjust_left': 0, 'adjust_right': 0, 'expire': None, 'key': None, 'widget': None, 'events_when_added': [], 'events_when_removed': [], 'font_size': 15, 'bitmap_font': False, 'font_kerning': True, 'bold': False, 'italic': False, 'number_grouping': False, 'min_digits': 0, 'halign': 'center', 'valign': 'middle', 'rotation': 0, 'scale': 1.0, 'casing': None, 'animations': None}], 'target': None, 'background_color': [0.0, 0.0, 0.0, 1.0], 'priority': None, 'show': True, 'force': False, 'expire': None, 'slide': None, 'tokens': {}, 'action': 'play'}}, 'context': 'base', 'calling_context': 'mode_base_started', 'priority': 100, 'player': 2, 'ball': 1, 'balls_remaining': 2, 'is_extra_ball': False}
2022-04-09 15:13:40,771 : mpfmc : SlidePlayer: Play called with settings={'widgets': {'widgets': [{'type': 'text', 'text': '(score)', 'number_grouping': True, 'min_digits': 2, 'font_size': 100, '_default_settings': ['type', 'text', 'number_grouping', 'min_digits', 'font_size'], 'x': None, 'y': None, 'anchor_x': 'center', 'anchor_y': 'center', 'round_anchor_x': None, 'round_anchor_y': None, 'opacity': 1.0, 'z': 0, 'reset_animations_events': {}, 'color': [1.0, 1.0, 1.0, 1.0], 'style': [], 'adjust_top': 0, 'adjust_bottom': 0, 'adjust_left': 0, 'adjust_right': 0, 'expire': None, 'key': None, 'widget': None, 'events_when_added': [], 'events_when_removed': [], 'bitmap_font': False, 'font_kerning': True, 'bold': False, 'italic': False, 'halign': 'center', 'valign': 'middle', 'rotation': 0, 'scale': 1.0, 'casing': None, 'animations': None}, {'type': 'text', 'text': 'PLAYER (number)', 'y': '10', 'x': '10', 'font_size': 50, 'anchor_x': 'left', 'anchor_y': 'bottom', '_default_settings': ['type', 'text', 'y', 'x', 'font_size', 'anchor_x', 'anchor_y'], 'round_anchor_x': None, 'round_anchor_y': None, 'opacity': 1.0, 'z': 0, 'reset_animations_events': {}, 'color': [1.0, 1.0, 1.0, 1.0], 'style': [], 'adjust_top': 0, 'adjust_bottom': 0, 'adjust_left': 0, 'adjust_right': 0, 'expire': None, 'key': None, 'widget': None, 'events_when_added': [], 'events_when_removed': [], 'bitmap_font': False, 'font_kerning': True, 'bold': False, 'italic': False, 'number_grouping': False, 'min_digits': 0, 'halign': 'center', 'valign': 'middle', 'rotation': 0, 'scale': 1.0, 'casing': None, 'animations': None}, {'type': 'text', 'text': 'BALL (ball)', 'y': '10', 'x': 'right-10', 'anchor_x': 'right', 'anchor_y': 'bottom', 'font_size': 50, '_default_settings': ['type', 'text', 'y', 'x', 'anchor_x', 'anchor_y', 'font_size'], 'round_anchor_x': None, 'round_anchor_y': None, 'opacity': 1.0, 'z': 0, 'reset_animations_events': {}, 'color': [1.0, 1.0, 1.0, 1.0], 'style': [], 'adjust_top': 0, 'adjust_bottom': 0, 'adjust_left': 0, 'adjust_right': 0, 'expire': None, 'key': None, 'widget': None, 'events_when_added': [], 'events_when_removed': [], 'bitmap_font': False, 'font_kerning': True, 'bold': False, 'italic': False, 'number_grouping': False, 'min_digits': 0, 'halign': 'center', 'valign': 'middle', 'rotation': 0, 'scale': 1.0, 'casing': None, 'animations': None}, {'type': 'text', 'text': 'Bumpers Count: (jet_count)', 'y': '40%', '_default_settings': ['type', 'text', 'y'], 'x': None, 'anchor_x': 'center', 'anchor_y': 'center', 'round_anchor_x': None, 'round_anchor_y': None, 'opacity': 1.0, 'z': 0, 'reset_animations_events': {}, 'color': [1.0, 1.0, 1.0, 1.0], 'style': [], 'adjust_top': 0, 'adjust_bottom': 0, 'adjust_left': 0, 'adjust_right': 0, 'expire': None, 'key': None, 'widget': None, 'events_when_added': [], 'events_when_removed': [], 'font_size': 15, 'bitmap_font': False, 'font_kerning': True, 'bold': False, 'italic': False, 'number_grouping': False, 'min_digits': 0, 'halign': 'center', 'valign': 'middle', 'rotation': 0, 'scale': 1.0, 'casing': None, 'animations': None}], 'target': None, 'background_color': [0.0, 0.0, 0.0, 1.0], 'priority': None, 'show': True, 'force': False, 'expire': None, 'slide': None, 'tokens': {}, 'action': 'play'}}
2022-04-09 15:13:40,777 : EventManager : Event: ======'slide_base.slide_player-mode_base_started_created'====== Args={}
2022-04-09 15:13:40,779 : EventManager : Event: ======'slide_base.slide_player-mode_base_started_active'====== Args={}
2022-04-09 15:13:40,910 : EventManager : Event: ======'machine_var_audits_switches_s_plunger'====== Args={'value': 70, 'prev_value': 69, 'change': 1}
2022-04-09 15:13:46,660 : EventManager : Event: ======'machine_var_audits_switches_s_jet_left'====== Args={'value': 50, 'prev_value': 49, 'change': 1}
2022-04-09 15:13:46,660 : EventManager : Event: ======'player_score'====== Args={'value': 50, 'prev_value': 0, 'change': 50, 'player_num': 2}
2022-04-09 15:13:46,660 : EventManager : Event: ======'player_jet_count'====== Args={'value': 1, 'prev_value': 0, 'change': 1, 'player_num': 2}
2022-04-09 15:13:46,760 : EventManager : Event: ======'machine_var_audits_switches_s_jet_down'====== Args={'value': 27, 'prev_value': 26, 'change': 1}
2022-04-09 15:13:46,760 : EventManager : Event: ======'player_score'====== Args={'value': 100, 'prev_value': 50, 'change': 50, 'player_num': 2}
2022-04-09 15:13:46,760 : EventManager : Event: ======'player_jet_count'====== Args={'value': 2, 'prev_value': 1, 'change': 1, 'player_num': 2}
2022-04-09 15:13:46,992 : EventManager : Event: ======'machine_var_audits_switches_s_jet_left'====== Args={'value': 51, 'prev_value': 50, 'change': 1}
2022-04-09 15:13:46,992 : EventManager : Event: ======'player_score'====== Args={'value': 150, 'prev_value': 100, 'change': 50, 'player_num': 2}
2022-04-09 15:13:46,992 : EventManager : Event: ======'player_jet_count'====== Args={'value': 3, 'prev_value': 2, 'change': 1, 'player_num': 2}
2022-04-09 15:13:47,017 : EventManager : Event: ======'machine_var_audits_switches_s_jet_down'====== Args={'value': 28, 'prev_value': 27, 'change': 1}
2022-04-09 15:13:47,017 : EventManager : Event: ======'player_score'====== Args={'value': 200, 'prev_value': 150, 'change': 50, 'player_num': 2}
2022-04-09 15:13:47,017 : EventManager : Event: ======'player_jet_count'====== Args={'value': 4, 'prev_value': 3, 'change': 1, 'player_num': 2}
2022-04-09 15:13:47,193 : EventManager : Event: ======'machine_var_audits_switches_s_jet_left'====== Args={'value': 52, 'prev_value': 51, 'change': 1}
2022-04-09 15:13:47,193 : EventManager : Event: ======'player_score'====== Args={'value': 250, 'prev_value': 200, 'change': 50, 'player_num': 2}
2022-04-09 15:13:47,193 : EventManager : Event: ======'player_jet_count'====== Args={'value': 5, 'prev_value': 4, 'change': 1, 'player_num': 2}
2022-04-09 15:13:47,269 : EventManager : Event: ======'machine_var_audits_switches_s_jet_down'====== Args={'value': 29, 'prev_value': 28, 'change': 1}
2022-04-09 15:13:47,269 : EventManager : Event: ======'player_score'====== Args={'value': 300, 'prev_value': 250, 'change': 50, 'player_num': 2}
2022-04-09 15:13:47,269 : EventManager : Event: ======'player_jet_count'====== Args={'value': 6, 'prev_value': 5, 'change': 1, 'player_num': 2}
2022-04-09 15:13:47,406 : EventManager : Event: ======'machine_var_audits_switches_s_jet_left'====== Args={'value': 53, 'prev_value': 52, 'change': 1}
2022-04-09 15:13:47,406 : EventManager : Event: ======'player_score'====== Args={'value': 350, 'prev_value': 300, 'change': 50, 'player_num': 2}
2022-04-09 15:13:47,406 : EventManager : Event: ======'player_jet_count'====== Args={'value': 7, 'prev_value': 6, 'change': 1, 'player_num': 2}
2022-04-09 15:13:47,530 : EventManager : Event: ======'machine_var_audits_switches_s_jet_down'====== Args={'value': 30, 'prev_value': 29, 'change': 1}
2022-04-09 15:13:47,530 : EventManager : Event: ======'player_score'====== Args={'value': 400, 'prev_value': 350, 'change': 50, 'player_num': 2}
2022-04-09 15:13:47,530 : EventManager : Event: ======'player_jet_count'====== Args={'value': 8, 'prev_value': 7, 'change': 1, 'player_num': 2}
2022-04-09 15:13:47,632 : EventManager : Event: ======'machine_var_audits_switches_s_jet_left'====== Args={'value': 54, 'prev_value': 53, 'change': 1}
2022-04-09 15:13:47,632 : EventManager : Event: ======'player_score'====== Args={'value': 450, 'prev_value': 400, 'change': 50, 'player_num': 2}
2022-04-09 15:13:47,632 : EventManager : Event: ======'player_jet_count'====== Args={'value': 9, 'prev_value': 8, 'change': 1, 'player_num': 2}
2022-04-09 15:13:47,733 : EventManager : Event: ======'machine_var_audits_switches_s_jet_down'====== Args={'value': 31, 'prev_value': 30, 'change': 1}
2022-04-09 15:13:47,733 : EventManager : Event: ======'player_score'====== Args={'value': 500, 'prev_value': 450, 'change': 50, 'player_num': 2}
2022-04-09 15:13:47,733 : EventManager : Event: ======'player_jet_count'====== Args={'value': 10, 'prev_value': 9, 'change': 1, 'player_num': 2}
2022-04-09 15:13:47,832 : EventManager : Event: ======'machine_var_audits_switches_s_jet_left'====== Args={'value': 55, 'prev_value': 54, 'change': 1}
2022-04-09 15:13:47,832 : EventManager : Event: ======'player_score'====== Args={'value': 550, 'prev_value': 500, 'change': 50, 'player_num': 2}
2022-04-09 15:13:47,832 : EventManager : Event: ======'player_jet_count'====== Args={'value': 11, 'prev_value': 10, 'change': 1, 'player_num': 2}
2022-04-09 15:13:49,121 : EventManager : Event: ======'machine_var_audits_switches_s_trough1'====== Args={'value': 43, 'prev_value': 42, 'change': 1}
2022-04-09 15:13:49,624 : EventManager : Event: ======'slides_clear'====== Args={'context': 'base'}
2022-04-09 15:13:49,624 : EventManager : Event: ======'slide_base.slide_player-mode_base_started_removed'====== Args={}
2022-04-09 15:13:49,625 : EventManager : Event: ======'slide_attract_started_active'====== Args={}
2022-04-09 15:13:49,661 : EventManager : Event: ======'player_ball'====== Args={'value': 2, 'prev_value': 1, 'change': 1, 'player_num': 1}
2022-04-09 15:13:49,661 : EventManager : Event: ======'player_turn_start'====== Args={'number': 1, 'player': <Player 1>}
2022-04-09 15:13:49,673 : EventManager : Event: ======'slides_play'====== Args={'settings': {'widgets': {'widgets': [{'type': 'text', 'text': '(score)', 'number_grouping': True, 'min_digits': 2, 'font_size': 100, '_default_settings': ['type', 'text', 'number_grouping', 'min_digits', 'font_size'], 'x': None, 'y': None, 'anchor_x': 'center', 'anchor_y': 'center', 'round_anchor_x': None, 'round_anchor_y': None, 'opacity': 1.0, 'z': 0, 'reset_animations_events': {}, 'color': [1.0, 1.0, 1.0, 1.0], 'style': [], 'adjust_top': 0, 'adjust_bottom': 0, 'adjust_left': 0, 'adjust_right': 0, 'expire': None, 'key': None, 'widget': None, 'events_when_added': [], 'events_when_removed': [], 'bitmap_font': False, 'font_kerning': True, 'bold': False, 'italic': False, 'halign': 'center', 'valign': 'middle', 'rotation': 0, 'scale': 1.0, 'casing': None, 'animations': None}, {'type': 'text', 'text': 'PLAYER (number)', 'y': '10', 'x': '10', 'font_size': 50, 'anchor_x': 'left', 'anchor_y': 'bottom', '_default_settings': ['type', 'text', 'y', 'x', 'font_size', 'anchor_x', 'anchor_y'], 'round_anchor_x': None, 'round_anchor_y': None, 'opacity': 1.0, 'z': 0, 'reset_animations_events': {}, 'color': [1.0, 1.0, 1.0, 1.0], 'style': [], 'adjust_top': 0, 'adjust_bottom': 0, 'adjust_left': 0, 'adjust_right': 0, 'expire': None, 'key': None, 'widget': None, 'events_when_added': [], 'events_when_removed': [], 'bitmap_font': False, 'font_kerning': True, 'bold': False, 'italic': False, 'number_grouping': False, 'min_digits': 0, 'halign': 'center', 'valign': 'middle', 'rotation': 0, 'scale': 1.0, 'casing': None, 'animations': None}, {'type': 'text', 'text': 'BALL (ball)', 'y': '10', 'x': 'right-10', 'anchor_x': 'right', 'anchor_y': 'bottom', 'font_size': 50, '_default_settings': ['type', 'text', 'y', 'x', 'anchor_x', 'anchor_y', 'font_size'], 'round_anchor_x': None, 'round_anchor_y': None, 'opacity': 1.0, 'z': 0, 'reset_animations_events': {}, 'color': [1.0, 1.0, 1.0, 1.0], 'style': [], 'adjust_top': 0, 'adjust_bottom': 0, 'adjust_left': 0, 'adjust_right': 0, 'expire': None, 'key': None, 'widget': None, 'events_when_added': [], 'events_when_removed': [], 'bitmap_font': False, 'font_kerning': True, 'bold': False, 'italic': False, 'number_grouping': False, 'min_digits': 0, 'halign': 'center', 'valign': 'middle', 'rotation': 0, 'scale': 1.0, 'casing': None, 'animations': None}, {'type': 'text', 'text': 'Bumpers Count: (jet_count)', 'y': '40%', '_default_settings': ['type', 'text', 'y'], 'x': None, 'anchor_x': 'center', 'anchor_y': 'center', 'round_anchor_x': None, 'round_anchor_y': None, 'opacity': 1.0, 'z': 0, 'reset_animations_events': {}, 'color': [1.0, 1.0, 1.0, 1.0], 'style': [], 'adjust_top': 0, 'adjust_bottom': 0, 'adjust_left': 0, 'adjust_right': 0, 'expire': None, 'key': None, 'widget': None, 'events_when_added': [], 'events_when_removed': [], 'font_size': 15, 'bitmap_font': False, 'font_kerning': True, 'bold': False, 'italic': False, 'number_grouping': False, 'min_digits': 0, 'halign': 'center', 'valign': 'middle', 'rotation': 0, 'scale': 1.0, 'casing': None, 'animations': None}], 'target': None, 'background_color': [0.0, 0.0, 0.0, 1.0], 'priority': None, 'show': True, 'force': False, 'expire': None, 'slide': None, 'tokens': {}, 'action': 'play'}}, 'context': 'base', 'calling_context': 'mode_base_started', 'priority': 100, 'player': 1, 'ball': 2, 'balls_remaining': 1, 'is_extra_ball': False}
2022-04-09 15:13:49,673 : mpfmc : SlidePlayer: Play called with settings={'widgets': {'widgets': [{'type': 'text', 'text': '(score)', 'number_grouping': True, 'min_digits': 2, 'font_size': 100, '_default_settings': ['type', 'text', 'number_grouping', 'min_digits', 'font_size'], 'x': None, 'y': None, 'anchor_x': 'center', 'anchor_y': 'center', 'round_anchor_x': None, 'round_anchor_y': None, 'opacity': 1.0, 'z': 0, 'reset_animations_events': {}, 'color': [1.0, 1.0, 1.0, 1.0], 'style': [], 'adjust_top': 0, 'adjust_bottom': 0, 'adjust_left': 0, 'adjust_right': 0, 'expire': None, 'key': None, 'widget': None, 'events_when_added': [], 'events_when_removed': [], 'bitmap_font': False, 'font_kerning': True, 'bold': False, 'italic': False, 'halign': 'center', 'valign': 'middle', 'rotation': 0, 'scale': 1.0, 'casing': None, 'animations': None}, {'type': 'text', 'text': 'PLAYER (number)', 'y': '10', 'x': '10', 'font_size': 50, 'anchor_x': 'left', 'anchor_y': 'bottom', '_default_settings': ['type', 'text', 'y', 'x', 'font_size', 'anchor_x', 'anchor_y'], 'round_anchor_x': None, 'round_anchor_y': None, 'opacity': 1.0, 'z': 0, 'reset_animations_events': {}, 'color': [1.0, 1.0, 1.0, 1.0], 'style': [], 'adjust_top': 0, 'adjust_bottom': 0, 'adjust_left': 0, 'adjust_right': 0, 'expire': None, 'key': None, 'widget': None, 'events_when_added': [], 'events_when_removed': [], 'bitmap_font': False, 'font_kerning': True, 'bold': False, 'italic': False, 'number_grouping': False, 'min_digits': 0, 'halign': 'center', 'valign': 'middle', 'rotation': 0, 'scale': 1.0, 'casing': None, 'animations': None}, {'type': 'text', 'text': 'BALL (ball)', 'y': '10', 'x': 'right-10', 'anchor_x': 'right', 'anchor_y': 'bottom', 'font_size': 50, '_default_settings': ['type', 'text', 'y', 'x', 'anchor_x', 'anchor_y', 'font_size'], 'round_anchor_x': None, 'round_anchor_y': None, 'opacity': 1.0, 'z': 0, 'reset_animations_events': {}, 'color': [1.0, 1.0, 1.0, 1.0], 'style': [], 'adjust_top': 0, 'adjust_bottom': 0, 'adjust_left': 0, 'adjust_right': 0, 'expire': None, 'key': None, 'widget': None, 'events_when_added': [], 'events_when_removed': [], 'bitmap_font': False, 'font_kerning': True, 'bold': False, 'italic': False, 'number_grouping': False, 'min_digits': 0, 'halign': 'center', 'valign': 'middle', 'rotation': 0, 'scale': 1.0, 'casing': None, 'animations': None}, {'type': 'text', 'text': 'Bumpers Count: (jet_count)', 'y': '40%', '_default_settings': ['type', 'text', 'y'], 'x': None, 'anchor_x': 'center', 'anchor_y': 'center', 'round_anchor_x': None, 'round_anchor_y': None, 'opacity': 1.0, 'z': 0, 'reset_animations_events': {}, 'color': [1.0, 1.0, 1.0, 1.0], 'style': [], 'adjust_top': 0, 'adjust_bottom': 0, 'adjust_left': 0, 'adjust_right': 0, 'expire': None, 'key': None, 'widget': None, 'events_when_added': [], 'events_when_removed': [], 'font_size': 15, 'bitmap_font': False, 'font_kerning': True, 'bold': False, 'italic': False, 'number_grouping': False, 'min_digits': 0, 'halign': 'center', 'valign': 'middle', 'rotation': 0, 'scale': 1.0, 'casing': None, 'animations': None}], 'target': None, 'background_color': [0.0, 0.0, 0.0, 1.0], 'priority': None, 'show': True, 'force': False, 'expire': None, 'slide': None, 'tokens': {}, 'action': 'play'}}
2022-04-09 15:13:49,680 : EventManager : Event: ======'slide_base.slide_player-mode_base_started_created'====== Args={}
2022-04-09 15:13:49,682 : EventManager : Event: ======'slide_base.slide_player-mode_base_started_active'====== Args={}
2022-04-09 15:13:49,836 : EventManager : Event: ======'machine_var_audits_switches_s_plunger'====== Args={'value': 71, 'prev_value': 70, 'change': 1}
2022-04-09 15:13:54,989 : EventManager : Event: ======'machine_var_audits_switches_s_jet_left'====== Args={'value': 56, 'prev_value': 55, 'change': 1}
2022-04-09 15:13:54,989 : EventManager : Event: ======'player_score'====== Args={'value': 1050, 'prev_value': 1000, 'change': 50, 'player_num': 1}
2022-04-09 15:13:54,989 : EventManager : Event: ======'player_jet_count'====== Args={'value': 13, 'prev_value': 12, 'change': 1, 'player_num': 1}
2022-04-09 15:13:55,201 : EventManager : Event: ======'machine_var_audits_switches_s_jet_down'====== Args={'value': 32, 'prev_value': 31, 'change': 1}
2022-04-09 15:13:55,201 : EventManager : Event: ======'player_score'====== Args={'value': 1100, 'prev_value': 1050, 'change': 50, 'player_num': 1}
2022-04-09 15:13:55,201 : EventManager : Event: ======'player_jet_count'====== Args={'value': 14, 'prev_value': 13, 'change': 1, 'player_num': 1}
2022-04-09 15:13:55,466 : EventManager : Event: ======'machine_var_audits_switches_s_jet_left'====== Args={'value': 57, 'prev_value': 56, 'change': 1}
2022-04-09 15:13:55,466 : EventManager : Event: ======'player_score'====== Args={'value': 1150, 'prev_value': 1100, 'change': 50, 'player_num': 1}
2022-04-09 15:13:55,466 : EventManager : Event: ======'player_jet_count'====== Args={'value': 15, 'prev_value': 14, 'change': 1, 'player_num': 1}
2022-04-09 15:13:55,690 : EventManager : Event: ======'machine_var_audits_switches_s_jet_down'====== Args={'value': 33, 'prev_value': 32, 'change': 1}
2022-04-09 15:13:55,690 : EventManager : Event: ======'player_score'====== Args={'value': 1200, 'prev_value': 1150, 'change': 50, 'player_num': 1}
2022-04-09 15:13:55,690 : EventManager : Event: ======'player_jet_count'====== Args={'value': 16, 'prev_value': 15, 'change': 1, 'player_num': 1}
2022-04-09 15:13:56,991 : EventManager : Event: ======'machine_var_audits_switches_s_trough1'====== Args={'value': 44, 'prev_value': 43, 'change': 1}
2022-04-09 15:13:57,479 : EventManager : Event: ======'slides_clear'====== Args={'context': 'base'}
2022-04-09 15:13:57,479 : EventManager : Event: ======'slide_base.slide_player-mode_base_started_removed'====== Args={}
2022-04-09 15:13:57,480 : EventManager : Event: ======'slide_attract_started_active'====== Args={}
2022-04-09 15:13:57,516 : EventManager : Event: ======'player_ball'====== Args={'value': 2, 'prev_value': 1, 'change': 1, 'player_num': 2}
2022-04-09 15:13:57,516 : EventManager : Event: ======'player_turn_start'====== Args={'number': 2, 'player': <Player 2>}
2022-04-09 15:13:57,528 : EventManager : Event: ======'slides_play'====== Args={'settings': {'widgets': {'widgets': [{'type': 'text', 'text': '(score)', 'number_grouping': True, 'min_digits': 2, 'font_size': 100, '_default_settings': ['type', 'text', 'number_grouping', 'min_digits', 'font_size'], 'x': None, 'y': None, 'anchor_x': 'center', 'anchor_y': 'center', 'round_anchor_x': None, 'round_anchor_y': None, 'opacity': 1.0, 'z': 0, 'reset_animations_events': {}, 'color': [1.0, 1.0, 1.0, 1.0], 'style': [], 'adjust_top': 0, 'adjust_bottom': 0, 'adjust_left': 0, 'adjust_right': 0, 'expire': None, 'key': None, 'widget': None, 'events_when_added': [], 'events_when_removed': [], 'bitmap_font': False, 'font_kerning': True, 'bold': False, 'italic': False, 'halign': 'center', 'valign': 'middle', 'rotation': 0, 'scale': 1.0, 'casing': None, 'animations': None}, {'type': 'text', 'text': 'PLAYER (number)', 'y': '10', 'x': '10', 'font_size': 50, 'anchor_x': 'left', 'anchor_y': 'bottom', '_default_settings': ['type', 'text', 'y', 'x', 'font_size', 'anchor_x', 'anchor_y'], 'round_anchor_x': None, 'round_anchor_y': None, 'opacity': 1.0, 'z': 0, 'reset_animations_events': {}, 'color': [1.0, 1.0, 1.0, 1.0], 'style': [], 'adjust_top': 0, 'adjust_bottom': 0, 'adjust_left': 0, 'adjust_right': 0, 'expire': None, 'key': None, 'widget': None, 'events_when_added': [], 'events_when_removed': [], 'bitmap_font': False, 'font_kerning': True, 'bold': False, 'italic': False, 'number_grouping': False, 'min_digits': 0, 'halign': 'center', 'valign': 'middle', 'rotation': 0, 'scale': 1.0, 'casing': None, 'animations': None}, {'type': 'text', 'text': 'BALL (ball)', 'y': '10', 'x': 'right-10', 'anchor_x': 'right', 'anchor_y': 'bottom', 'font_size': 50, '_default_settings': ['type', 'text', 'y', 'x', 'anchor_x', 'anchor_y', 'font_size'], 'round_anchor_x': None, 'round_anchor_y': None, 'opacity': 1.0, 'z': 0, 'reset_animations_events': {}, 'color': [1.0, 1.0, 1.0, 1.0], 'style': [], 'adjust_top': 0, 'adjust_bottom': 0, 'adjust_left': 0, 'adjust_right': 0, 'expire': None, 'key': None, 'widget': None, 'events_when_added': [], 'events_when_removed': [], 'bitmap_font': False, 'font_kerning': True, 'bold': False, 'italic': False, 'number_grouping': False, 'min_digits': 0, 'halign': 'center', 'valign': 'middle', 'rotation': 0, 'scale': 1.0, 'casing': None, 'animations': None}, {'type': 'text', 'text': 'Bumpers Count: (jet_count)', 'y': '40%', '_default_settings': ['type', 'text', 'y'], 'x': None, 'anchor_x': 'center', 'anchor_y': 'center', 'round_anchor_x': None, 'round_anchor_y': None, 'opacity': 1.0, 'z': 0, 'reset_animations_events': {}, 'color': [1.0, 1.0, 1.0, 1.0], 'style': [], 'adjust_top': 0, 'adjust_bottom': 0, 'adjust_left': 0, 'adjust_right': 0, 'expire': None, 'key': None, 'widget': None, 'events_when_added': [], 'events_when_removed': [], 'font_size': 15, 'bitmap_font': False, 'font_kerning': True, 'bold': False, 'italic': False, 'number_grouping': False, 'min_digits': 0, 'halign': 'center', 'valign': 'middle', 'rotation': 0, 'scale': 1.0, 'casing': None, 'animations': None}], 'target': None, 'background_color': [0.0, 0.0, 0.0, 1.0], 'priority': None, 'show': True, 'force': False, 'expire': None, 'slide': None, 'tokens': {}, 'action': 'play'}}, 'context': 'base', 'calling_context': 'mode_base_started', 'priority': 100, 'player': 2, 'ball': 2, 'balls_remaining': 1, 'is_extra_ball': False}
2022-04-09 15:13:57,528 : mpfmc : SlidePlayer: Play called with settings={'widgets': {'widgets': [{'type': 'text', 'text': '(score)', 'number_grouping': True, 'min_digits': 2, 'font_size': 100, '_default_settings': ['type', 'text', 'number_grouping', 'min_digits', 'font_size'], 'x': None, 'y': None, 'anchor_x': 'center', 'anchor_y': 'center', 'round_anchor_x': None, 'round_anchor_y': None, 'opacity': 1.0, 'z': 0, 'reset_animations_events': {}, 'color': [1.0, 1.0, 1.0, 1.0], 'style': [], 'adjust_top': 0, 'adjust_bottom': 0, 'adjust_left': 0, 'adjust_right': 0, 'expire': None, 'key': None, 'widget': None, 'events_when_added': [], 'events_when_removed': [], 'bitmap_font': False, 'font_kerning': True, 'bold': False, 'italic': False, 'halign': 'center', 'valign': 'middle', 'rotation': 0, 'scale': 1.0, 'casing': None, 'animations': None}, {'type': 'text', 'text': 'PLAYER (number)', 'y': '10', 'x': '10', 'font_size': 50, 'anchor_x': 'left', 'anchor_y': 'bottom', '_default_settings': ['type', 'text', 'y', 'x', 'font_size', 'anchor_x', 'anchor_y'], 'round_anchor_x': None, 'round_anchor_y': None, 'opacity': 1.0, 'z': 0, 'reset_animations_events': {}, 'color': [1.0, 1.0, 1.0, 1.0], 'style': [], 'adjust_top': 0, 'adjust_bottom': 0, 'adjust_left': 0, 'adjust_right': 0, 'expire': None, 'key': None, 'widget': None, 'events_when_added': [], 'events_when_removed': [], 'bitmap_font': False, 'font_kerning': True, 'bold': False, 'italic': False, 'number_grouping': False, 'min_digits': 0, 'halign': 'center', 'valign': 'middle', 'rotation': 0, 'scale': 1.0, 'casing': None, 'animations': None}, {'type': 'text', 'text': 'BALL (ball)', 'y': '10', 'x': 'right-10', 'anchor_x': 'right', 'anchor_y': 'bottom', 'font_size': 50, '_default_settings': ['type', 'text', 'y', 'x', 'anchor_x', 'anchor_y', 'font_size'], 'round_anchor_x': None, 'round_anchor_y': None, 'opacity': 1.0, 'z': 0, 'reset_animations_events': {}, 'color': [1.0, 1.0, 1.0, 1.0], 'style': [], 'adjust_top': 0, 'adjust_bottom': 0, 'adjust_left': 0, 'adjust_right': 0, 'expire': None, 'key': None, 'widget': None, 'events_when_added': [], 'events_when_removed': [], 'bitmap_font': False, 'font_kerning': True, 'bold': False, 'italic': False, 'number_grouping': False, 'min_digits': 0, 'halign': 'center', 'valign': 'middle', 'rotation': 0, 'scale': 1.0, 'casing': None, 'animations': None}, {'type': 'text', 'text': 'Bumpers Count: (jet_count)', 'y': '40%', '_default_settings': ['type', 'text', 'y'], 'x': None, 'anchor_x': 'center', 'anchor_y': 'center', 'round_anchor_x': None, 'round_anchor_y': None, 'opacity': 1.0, 'z': 0, 'reset_animations_events': {}, 'color': [1.0, 1.0, 1.0, 1.0], 'style': [], 'adjust_top': 0, 'adjust_bottom': 0, 'adjust_left': 0, 'adjust_right': 0, 'expire': None, 'key': None, 'widget': None, 'events_when_added': [], 'events_when_removed': [], 'font_size': 15, 'bitmap_font': False, 'font_kerning': True, 'bold': False, 'italic': False, 'number_grouping': False, 'min_digits': 0, 'halign': 'center', 'valign': 'middle', 'rotation': 0, 'scale': 1.0, 'casing': None, 'animations': None}], 'target': None, 'background_color': [0.0, 0.0, 0.0, 1.0], 'priority': None, 'show': True, 'force': False, 'expire': None, 'slide': None, 'tokens': {}, 'action': 'play'}}
2022-04-09 15:13:57,534 : EventManager : Event: ======'slide_base.slide_player-mode_base_started_created'====== Args={}
2022-04-09 15:13:57,536 : EventManager : Event: ======'slide_base.slide_player-mode_base_started_active'====== Args={}
2022-04-09 15:13:57,653 : EventManager : Event: ======'machine_var_audits_switches_s_plunger'====== Args={'value': 72, 'prev_value': 71, 'change': 1}
2022-04-09 15:14:14,505 : EventManager : Event: ======'machine_var_audits_switches_s_trough1'====== Args={'value': 45, 'prev_value': 44, 'change': 1}
2022-04-09 15:14:15,032 : EventManager : Event: ======'slides_clear'====== Args={'context': 'base'}
2022-04-09 15:14:15,032 : EventManager : Event: ======'slide_base.slide_player-mode_base_started_removed'====== Args={}
2022-04-09 15:14:15,032 : EventManager : Event: ======'slide_attract_started_active'====== Args={}
2022-04-09 15:14:15,082 : EventManager : Event: ======'player_ball'====== Args={'value': 3, 'prev_value': 2, 'change': 1, 'player_num': 1}
2022-04-09 15:14:15,082 : EventManager : Event: ======'player_turn_start'====== Args={'number': 1, 'player': <Player 1>}
2022-04-09 15:14:15,094 : EventManager : Event: ======'slides_play'====== Args={'settings': {'widgets': {'widgets': [{'type': 'text', 'text': '(score)', 'number_grouping': True, 'min_digits': 2, 'font_size': 100, '_default_settings': ['type', 'text', 'number_grouping', 'min_digits', 'font_size'], 'x': None, 'y': None, 'anchor_x': 'center', 'anchor_y': 'center', 'round_anchor_x': None, 'round_anchor_y': None, 'opacity': 1.0, 'z': 0, 'reset_animations_events': {}, 'color': [1.0, 1.0, 1.0, 1.0], 'style': [], 'adjust_top': 0, 'adjust_bottom': 0, 'adjust_left': 0, 'adjust_right': 0, 'expire': None, 'key': None, 'widget': None, 'events_when_added': [], 'events_when_removed': [], 'bitmap_font': False, 'font_kerning': True, 'bold': False, 'italic': False, 'halign': 'center', 'valign': 'middle', 'rotation': 0, 'scale': 1.0, 'casing': None, 'animations': None}, {'type': 'text', 'text': 'PLAYER (number)', 'y': '10', 'x': '10', 'font_size': 50, 'anchor_x': 'left', 'anchor_y': 'bottom', '_default_settings': ['type', 'text', 'y', 'x', 'font_size', 'anchor_x', 'anchor_y'], 'round_anchor_x': None, 'round_anchor_y': None, 'opacity': 1.0, 'z': 0, 'reset_animations_events': {}, 'color': [1.0, 1.0, 1.0, 1.0], 'style': [], 'adjust_top': 0, 'adjust_bottom': 0, 'adjust_left': 0, 'adjust_right': 0, 'expire': None, 'key': None, 'widget': None, 'events_when_added': [], 'events_when_removed': [], 'bitmap_font': False, 'font_kerning': True, 'bold': False, 'italic': False, 'number_grouping': False, 'min_digits': 0, 'halign': 'center', 'valign': 'middle', 'rotation': 0, 'scale': 1.0, 'casing': None, 'animations': None}, {'type': 'text', 'text': 'BALL (ball)', 'y': '10', 'x': 'right-10', 'anchor_x': 'right', 'anchor_y': 'bottom', 'font_size': 50, '_default_settings': ['type', 'text', 'y', 'x', 'anchor_x', 'anchor_y', 'font_size'], 'round_anchor_x': None, 'round_anchor_y': None, 'opacity': 1.0, 'z': 0, 'reset_animations_events': {}, 'color': [1.0, 1.0, 1.0, 1.0], 'style': [], 'adjust_top': 0, 'adjust_bottom': 0, 'adjust_left': 0, 'adjust_right': 0, 'expire': None, 'key': None, 'widget': None, 'events_when_added': [], 'events_when_removed': [], 'bitmap_font': False, 'font_kerning': True, 'bold': False, 'italic': False, 'number_grouping': False, 'min_digits': 0, 'halign': 'center', 'valign': 'middle', 'rotation': 0, 'scale': 1.0, 'casing': None, 'animations': None}, {'type': 'text', 'text': 'Bumpers Count: (jet_count)', 'y': '40%', '_default_settings': ['type', 'text', 'y'], 'x': None, 'anchor_x': 'center', 'anchor_y': 'center', 'round_anchor_x': None, 'round_anchor_y': None, 'opacity': 1.0, 'z': 0, 'reset_animations_events': {}, 'color': [1.0, 1.0, 1.0, 1.0], 'style': [], 'adjust_top': 0, 'adjust_bottom': 0, 'adjust_left': 0, 'adjust_right': 0, 'expire': None, 'key': None, 'widget': None, 'events_when_added': [], 'events_when_removed': [], 'font_size': 15, 'bitmap_font': False, 'font_kerning': True, 'bold': False, 'italic': False, 'number_grouping': False, 'min_digits': 0, 'halign': 'center', 'valign': 'middle', 'rotation': 0, 'scale': 1.0, 'casing': None, 'animations': None}], 'target': None, 'background_color': [0.0, 0.0, 0.0, 1.0], 'priority': None, 'show': True, 'force': False, 'expire': None, 'slide': None, 'tokens': {}, 'action': 'play'}}, 'context': 'base', 'calling_context': 'mode_base_started', 'priority': 100, 'player': 1, 'ball': 3, 'balls_remaining': 0, 'is_extra_ball': False}
2022-04-09 15:14:15,094 : mpfmc : SlidePlayer: Play called with settings={'widgets': {'widgets': [{'type': 'text', 'text': '(score)', 'number_grouping': True, 'min_digits': 2, 'font_size': 100, '_default_settings': ['type', 'text', 'number_grouping', 'min_digits', 'font_size'], 'x': None, 'y': None, 'anchor_x': 'center', 'anchor_y': 'center', 'round_anchor_x': None, 'round_anchor_y': None, 'opacity': 1.0, 'z': 0, 'reset_animations_events': {}, 'color': [1.0, 1.0, 1.0, 1.0], 'style': [], 'adjust_top': 0, 'adjust_bottom': 0, 'adjust_left': 0, 'adjust_right': 0, 'expire': None, 'key': None, 'widget': None, 'events_when_added': [], 'events_when_removed': [], 'bitmap_font': False, 'font_kerning': True, 'bold': False, 'italic': False, 'halign': 'center', 'valign': 'middle', 'rotation': 0, 'scale': 1.0, 'casing': None, 'animations': None}, {'type': 'text', 'text': 'PLAYER (number)', 'y': '10', 'x': '10', 'font_size': 50, 'anchor_x': 'left', 'anchor_y': 'bottom', '_default_settings': ['type', 'text', 'y', 'x', 'font_size', 'anchor_x', 'anchor_y'], 'round_anchor_x': None, 'round_anchor_y': None, 'opacity': 1.0, 'z': 0, 'reset_animations_events': {}, 'color': [1.0, 1.0, 1.0, 1.0], 'style': [], 'adjust_top': 0, 'adjust_bottom': 0, 'adjust_left': 0, 'adjust_right': 0, 'expire': None, 'key': None, 'widget': None, 'events_when_added': [], 'events_when_removed': [], 'bitmap_font': False, 'font_kerning': True, 'bold': False, 'italic': False, 'number_grouping': False, 'min_digits': 0, 'halign': 'center', 'valign': 'middle', 'rotation': 0, 'scale': 1.0, 'casing': None, 'animations': None}, {'type': 'text', 'text': 'BALL (ball)', 'y': '10', 'x': 'right-10', 'anchor_x': 'right', 'anchor_y': 'bottom', 'font_size': 50, '_default_settings': ['type', 'text', 'y', 'x', 'anchor_x', 'anchor_y', 'font_size'], 'round_anchor_x': None, 'round_anchor_y': None, 'opacity': 1.0, 'z': 0, 'reset_animations_events': {}, 'color': [1.0, 1.0, 1.0, 1.0], 'style': [], 'adjust_top': 0, 'adjust_bottom': 0, 'adjust_left': 0, 'adjust_right': 0, 'expire': None, 'key': None, 'widget': None, 'events_when_added': [], 'events_when_removed': [], 'bitmap_font': False, 'font_kerning': True, 'bold': False, 'italic': False, 'number_grouping': False, 'min_digits': 0, 'halign': 'center', 'valign': 'middle', 'rotation': 0, 'scale': 1.0, 'casing': None, 'animations': None}, {'type': 'text', 'text': 'Bumpers Count: (jet_count)', 'y': '40%', '_default_settings': ['type', 'text', 'y'], 'x': None, 'anchor_x': 'center', 'anchor_y': 'center', 'round_anchor_x': None, 'round_anchor_y': None, 'opacity': 1.0, 'z': 0, 'reset_animations_events': {}, 'color': [1.0, 1.0, 1.0, 1.0], 'style': [], 'adjust_top': 0, 'adjust_bottom': 0, 'adjust_left': 0, 'adjust_right': 0, 'expire': None, 'key': None, 'widget': None, 'events_when_added': [], 'events_when_removed': [], 'font_size': 15, 'bitmap_font': False, 'font_kerning': True, 'bold': False, 'italic': False, 'number_grouping': False, 'min_digits': 0, 'halign': 'center', 'valign': 'middle', 'rotation': 0, 'scale': 1.0, 'casing': None, 'animations': None}], 'target': None, 'background_color': [0.0, 0.0, 0.0, 1.0], 'priority': None, 'show': True, 'force': False, 'expire': None, 'slide': None, 'tokens': {}, 'action': 'play'}}
2022-04-09 15:14:15,101 : EventManager : Event: ======'slide_base.slide_player-mode_base_started_created'====== Args={}
2022-04-09 15:14:15,103 : EventManager : Event: ======'slide_base.slide_player-mode_base_started_active'====== Args={}
2022-04-09 15:14:15,219 : EventManager : Event: ======'machine_var_audits_switches_s_plunger'====== Args={'value': 73, 'prev_value': 72, 'change': 1}
2022-04-09 15:14:18,918 : EventManager : Event: ======'machine_var_audits_switches_s_jet_left'====== Args={'value': 58, 'prev_value': 57, 'change': 1}
2022-04-09 15:14:18,918 : EventManager : Event: ======'player_score'====== Args={'value': 1250, 'prev_value': 1200, 'change': 50, 'player_num': 1}
2022-04-09 15:14:18,918 : EventManager : Event: ======'player_jet_count'====== Args={'value': 17, 'prev_value': 16, 'change': 1, 'player_num': 1}
2022-04-09 15:14:19,154 : EventManager : Event: ======'machine_var_audits_switches_s_jet_down'====== Args={'value': 34, 'prev_value': 33, 'change': 1}
2022-04-09 15:14:19,154 : EventManager : Event: ======'player_score'====== Args={'value': 1300, 'prev_value': 1250, 'change': 50, 'player_num': 1}
2022-04-09 15:14:19,154 : EventManager : Event: ======'player_jet_count'====== Args={'value': 18, 'prev_value': 17, 'change': 1, 'player_num': 1}
2022-04-09 15:14:19,367 : EventManager : Event: ======'machine_var_audits_switches_s_jet_left'====== Args={'value': 59, 'prev_value': 58, 'change': 1}
2022-04-09 15:14:19,367 : EventManager : Event: ======'player_score'====== Args={'value': 1350, 'prev_value': 1300, 'change': 50, 'player_num': 1}
2022-04-09 15:14:19,367 : EventManager : Event: ======'player_jet_count'====== Args={'value': 19, 'prev_value': 18, 'change': 1, 'player_num': 1}
2022-04-09 15:14:19,581 : EventManager : Event: ======'machine_var_audits_switches_s_jet_down'====== Args={'value': 35, 'prev_value': 34, 'change': 1}
2022-04-09 15:14:19,581 : EventManager : Event: ======'player_score'====== Args={'value': 1400, 'prev_value': 1350, 'change': 50, 'player_num': 1}
2022-04-09 15:14:19,581 : EventManager : Event: ======'player_jet_count'====== Args={'value': 20, 'prev_value': 19, 'change': 1, 'player_num': 1}
2022-04-09 15:14:19,796 : EventManager : Event: ======'machine_var_audits_switches_s_jet_left'====== Args={'value': 60, 'prev_value': 59, 'change': 1}
2022-04-09 15:14:19,796 : EventManager : Event: ======'player_score'====== Args={'value': 1450, 'prev_value': 1400, 'change': 50, 'player_num': 1}
2022-04-09 15:14:19,796 : EventManager : Event: ======'player_jet_count'====== Args={'value': 21, 'prev_value': 20, 'change': 1, 'player_num': 1}
2022-04-09 15:14:19,981 : EventManager : Event: ======'machine_var_audits_switches_s_jet_down'====== Args={'value': 36, 'prev_value': 35, 'change': 1}
2022-04-09 15:14:19,981 : EventManager : Event: ======'player_score'====== Args={'value': 1500, 'prev_value': 1450, 'change': 50, 'player_num': 1}
2022-04-09 15:14:19,981 : EventManager : Event: ======'player_jet_count'====== Args={'value': 22, 'prev_value': 21, 'change': 1, 'player_num': 1}
2022-04-09 15:14:20,179 : EventManager : Event: ======'machine_var_audits_switches_s_jet_left'====== Args={'value': 61, 'prev_value': 60, 'change': 1}
2022-04-09 15:14:20,179 : EventManager : Event: ======'player_score'====== Args={'value': 1550, 'prev_value': 1500, 'change': 50, 'player_num': 1}
2022-04-09 15:14:20,179 : EventManager : Event: ======'player_jet_count'====== Args={'value': 23, 'prev_value': 22, 'change': 1, 'player_num': 1}
2022-04-09 15:14:20,441 : EventManager : Event: ======'machine_var_audits_switches_s_jet_down'====== Args={'value': 37, 'prev_value': 36, 'change': 1}
2022-04-09 15:14:20,441 : EventManager : Event: ======'player_score'====== Args={'value': 1600, 'prev_value': 1550, 'change': 50, 'player_num': 1}
2022-04-09 15:14:20,441 : EventManager : Event: ======'player_jet_count'====== Args={'value': 24, 'prev_value': 23, 'change': 1, 'player_num': 1}
2022-04-09 15:14:20,629 : EventManager : Event: ======'machine_var_audits_switches_s_jet_left'====== Args={'value': 62, 'prev_value': 61, 'change': 1}
2022-04-09 15:14:20,629 : EventManager : Event: ======'player_score'====== Args={'value': 1650, 'prev_value': 1600, 'change': 50, 'player_num': 1}
2022-04-09 15:14:20,629 : EventManager : Event: ======'player_jet_count'====== Args={'value': 25, 'prev_value': 24, 'change': 1, 'player_num': 1}
2022-04-09 15:14:21,069 : EventManager : Event: ======'machine_var_audits_switches_s_jet_down'====== Args={'value': 38, 'prev_value': 37, 'change': 1}
2022-04-09 15:14:21,069 : EventManager : Event: ======'player_score'====== Args={'value': 1700, 'prev_value': 1650, 'change': 50, 'player_num': 1}
2022-04-09 15:14:21,069 : EventManager : Event: ======'player_jet_count'====== Args={'value': 26, 'prev_value': 25, 'change': 1, 'player_num': 1}
2022-04-09 15:14:23,974 : EventManager : Event: ======'machine_var_audits_switches_s_trough1'====== Args={'value': 46, 'prev_value': 45, 'change': 1}
2022-04-09 15:14:24,475 : EventManager : Event: ======'slides_clear'====== Args={'context': 'base'}
2022-04-09 15:14:24,475 : EventManager : Event: ======'slide_base.slide_player-mode_base_started_removed'====== Args={}
2022-04-09 15:14:24,475 : EventManager : Event: ======'slide_attract_started_active'====== Args={}
2022-04-09 15:14:24,512 : EventManager : Event: ======'player_ball'====== Args={'value': 3, 'prev_value': 2, 'change': 1, 'player_num': 2}
2022-04-09 15:14:24,512 : EventManager : Event: ======'player_turn_start'====== Args={'number': 2, 'player': <Player 2>}
2022-04-09 15:14:24,524 : EventManager : Event: ======'slides_play'====== Args={'settings': {'widgets': {'widgets': [{'type': 'text', 'text': '(score)', 'number_grouping': True, 'min_digits': 2, 'font_size': 100, '_default_settings': ['type', 'text', 'number_grouping', 'min_digits', 'font_size'], 'x': None, 'y': None, 'anchor_x': 'center', 'anchor_y': 'center', 'round_anchor_x': None, 'round_anchor_y': None, 'opacity': 1.0, 'z': 0, 'reset_animations_events': {}, 'color': [1.0, 1.0, 1.0, 1.0], 'style': [], 'adjust_top': 0, 'adjust_bottom': 0, 'adjust_left': 0, 'adjust_right': 0, 'expire': None, 'key': None, 'widget': None, 'events_when_added': [], 'events_when_removed': [], 'bitmap_font': False, 'font_kerning': True, 'bold': False, 'italic': False, 'halign': 'center', 'valign': 'middle', 'rotation': 0, 'scale': 1.0, 'casing': None, 'animations': None}, {'type': 'text', 'text': 'PLAYER (number)', 'y': '10', 'x': '10', 'font_size': 50, 'anchor_x': 'left', 'anchor_y': 'bottom', '_default_settings': ['type', 'text', 'y', 'x', 'font_size', 'anchor_x', 'anchor_y'], 'round_anchor_x': None, 'round_anchor_y': None, 'opacity': 1.0, 'z': 0, 'reset_animations_events': {}, 'color': [1.0, 1.0, 1.0, 1.0], 'style': [], 'adjust_top': 0, 'adjust_bottom': 0, 'adjust_left': 0, 'adjust_right': 0, 'expire': None, 'key': None, 'widget': None, 'events_when_added': [], 'events_when_removed': [], 'bitmap_font': False, 'font_kerning': True, 'bold': False, 'italic': False, 'number_grouping': False, 'min_digits': 0, 'halign': 'center', 'valign': 'middle', 'rotation': 0, 'scale': 1.0, 'casing': None, 'animations': None}, {'type': 'text', 'text': 'BALL (ball)', 'y': '10', 'x': 'right-10', 'anchor_x': 'right', 'anchor_y': 'bottom', 'font_size': 50, '_default_settings': ['type', 'text', 'y', 'x', 'anchor_x', 'anchor_y', 'font_size'], 'round_anchor_x': None, 'round_anchor_y': None, 'opacity': 1.0, 'z': 0, 'reset_animations_events': {}, 'color': [1.0, 1.0, 1.0, 1.0], 'style': [], 'adjust_top': 0, 'adjust_bottom': 0, 'adjust_left': 0, 'adjust_right': 0, 'expire': None, 'key': None, 'widget': None, 'events_when_added': [], 'events_when_removed': [], 'bitmap_font': False, 'font_kerning': True, 'bold': False, 'italic': False, 'number_grouping': False, 'min_digits': 0, 'halign': 'center', 'valign': 'middle', 'rotation': 0, 'scale': 1.0, 'casing': None, 'animations': None}, {'type': 'text', 'text': 'Bumpers Count: (jet_count)', 'y': '40%', '_default_settings': ['type', 'text', 'y'], 'x': None, 'anchor_x': 'center', 'anchor_y': 'center', 'round_anchor_x': None, 'round_anchor_y': None, 'opacity': 1.0, 'z': 0, 'reset_animations_events': {}, 'color': [1.0, 1.0, 1.0, 1.0], 'style': [], 'adjust_top': 0, 'adjust_bottom': 0, 'adjust_left': 0, 'adjust_right': 0, 'expire': None, 'key': None, 'widget': None, 'events_when_added': [], 'events_when_removed': [], 'font_size': 15, 'bitmap_font': False, 'font_kerning': True, 'bold': False, 'italic': False, 'number_grouping': False, 'min_digits': 0, 'halign': 'center', 'valign': 'middle', 'rotation': 0, 'scale': 1.0, 'casing': None, 'animations': None}], 'target': None, 'background_color': [0.0, 0.0, 0.0, 1.0], 'priority': None, 'show': True, 'force': False, 'expire': None, 'slide': None, 'tokens': {}, 'action': 'play'}}, 'context': 'base', 'calling_context': 'mode_base_started', 'priority': 100, 'player': 2, 'ball': 3, 'balls_remaining': 0, 'is_extra_ball': False}
2022-04-09 15:14:24,524 : mpfmc : SlidePlayer: Play called with settings={'widgets': {'widgets': [{'type': 'text', 'text': '(score)', 'number_grouping': True, 'min_digits': 2, 'font_size': 100, '_default_settings': ['type', 'text', 'number_grouping', 'min_digits', 'font_size'], 'x': None, 'y': None, 'anchor_x': 'center', 'anchor_y': 'center', 'round_anchor_x': None, 'round_anchor_y': None, 'opacity': 1.0, 'z': 0, 'reset_animations_events': {}, 'color': [1.0, 1.0, 1.0, 1.0], 'style': [], 'adjust_top': 0, 'adjust_bottom': 0, 'adjust_left': 0, 'adjust_right': 0, 'expire': None, 'key': None, 'widget': None, 'events_when_added': [], 'events_when_removed': [], 'bitmap_font': False, 'font_kerning': True, 'bold': False, 'italic': False, 'halign': 'center', 'valign': 'middle', 'rotation': 0, 'scale': 1.0, 'casing': None, 'animations': None}, {'type': 'text', 'text': 'PLAYER (number)', 'y': '10', 'x': '10', 'font_size': 50, 'anchor_x': 'left', 'anchor_y': 'bottom', '_default_settings': ['type', 'text', 'y', 'x', 'font_size', 'anchor_x', 'anchor_y'], 'round_anchor_x': None, 'round_anchor_y': None, 'opacity': 1.0, 'z': 0, 'reset_animations_events': {}, 'color': [1.0, 1.0, 1.0, 1.0], 'style': [], 'adjust_top': 0, 'adjust_bottom': 0, 'adjust_left': 0, 'adjust_right': 0, 'expire': None, 'key': None, 'widget': None, 'events_when_added': [], 'events_when_removed': [], 'bitmap_font': False, 'font_kerning': True, 'bold': False, 'italic': False, 'number_grouping': False, 'min_digits': 0, 'halign': 'center', 'valign': 'middle', 'rotation': 0, 'scale': 1.0, 'casing': None, 'animations': None}, {'type': 'text', 'text': 'BALL (ball)', 'y': '10', 'x': 'right-10', 'anchor_x': 'right', 'anchor_y': 'bottom', 'font_size': 50, '_default_settings': ['type', 'text', 'y', 'x', 'anchor_x', 'anchor_y', 'font_size'], 'round_anchor_x': None, 'round_anchor_y': None, 'opacity': 1.0, 'z': 0, 'reset_animations_events': {}, 'color': [1.0, 1.0, 1.0, 1.0], 'style': [], 'adjust_top': 0, 'adjust_bottom': 0, 'adjust_left': 0, 'adjust_right': 0, 'expire': None, 'key': None, 'widget': None, 'events_when_added': [], 'events_when_removed': [], 'bitmap_font': False, 'font_kerning': True, 'bold': False, 'italic': False, 'number_grouping': False, 'min_digits': 0, 'halign': 'center', 'valign': 'middle', 'rotation': 0, 'scale': 1.0, 'casing': None, 'animations': None}, {'type': 'text', 'text': 'Bumpers Count: (jet_count)', 'y': '40%', '_default_settings': ['type', 'text', 'y'], 'x': None, 'anchor_x': 'center', 'anchor_y': 'center', 'round_anchor_x': None, 'round_anchor_y': None, 'opacity': 1.0, 'z': 0, 'reset_animations_events': {}, 'color': [1.0, 1.0, 1.0, 1.0], 'style': [], 'adjust_top': 0, 'adjust_bottom': 0, 'adjust_left': 0, 'adjust_right': 0, 'expire': None, 'key': None, 'widget': None, 'events_when_added': [], 'events_when_removed': [], 'font_size': 15, 'bitmap_font': False, 'font_kerning': True, 'bold': False, 'italic': False, 'number_grouping': False, 'min_digits': 0, 'halign': 'center', 'valign': 'middle', 'rotation': 0, 'scale': 1.0, 'casing': None, 'animations': None}], 'target': None, 'background_color': [0.0, 0.0, 0.0, 1.0], 'priority': None, 'show': True, 'force': False, 'expire': None, 'slide': None, 'tokens': {}, 'action': 'play'}}
2022-04-09 15:14:24,530 : EventManager : Event: ======'slide_base.slide_player-mode_base_started_created'====== Args={}
2022-04-09 15:14:24,532 : EventManager : Event: ======'slide_base.slide_player-mode_base_started_active'====== Args={}
2022-04-09 15:14:42,798 : EventManager : Event: ======'machine_var_audits_switches_s_jet_left'====== Args={'value': 63, 'prev_value': 62, 'change': 1}
2022-04-09 15:14:42,798 : EventManager : Event: ======'player_score'====== Args={'value': 600, 'prev_value': 550, 'change': 50, 'player_num': 2}
2022-04-09 15:14:42,798 : EventManager : Event: ======'player_jet_count'====== Args={'value': 12, 'prev_value': 11, 'change': 1, 'player_num': 2}
2022-04-09 15:14:43,113 : EventManager : Event: ======'machine_var_audits_switches_s_jet_right'====== Args={'value': 31, 'prev_value': 30, 'change': 1}
2022-04-09 15:14:43,113 : EventManager : Event: ======'player_score'====== Args={'value': 650, 'prev_value': 600, 'change': 50, 'player_num': 2}
2022-04-09 15:14:43,113 : EventManager : Event: ======'player_jet_count'====== Args={'value': 13, 'prev_value': 12, 'change': 1, 'player_num': 2}
2022-04-09 15:14:43,302 : EventManager : Event: ======'machine_var_audits_switches_s_jet_left'====== Args={'value': 64, 'prev_value': 63, 'change': 1}
2022-04-09 15:14:43,302 : EventManager : Event: ======'player_score'====== Args={'value': 700, 'prev_value': 650, 'change': 50, 'player_num': 2}
2022-04-09 15:14:43,302 : EventManager : Event: ======'player_jet_count'====== Args={'value': 14, 'prev_value': 13, 'change': 1, 'player_num': 2}
2022-04-09 15:14:43,400 : EventManager : Event: ======'machine_var_audits_switches_s_jet_right'====== Args={'value': 32, 'prev_value': 31, 'change': 1}
2022-04-09 15:14:43,400 : EventManager : Event: ======'player_score'====== Args={'value': 750, 'prev_value': 700, 'change': 50, 'player_num': 2}
2022-04-09 15:14:43,400 : EventManager : Event: ======'player_jet_count'====== Args={'value': 15, 'prev_value': 14, 'change': 1, 'player_num': 2}
2022-04-09 15:14:43,560 : EventManager : Event: ======'machine_var_audits_switches_s_jet_left'====== Args={'value': 65, 'prev_value': 64, 'change': 1}
2022-04-09 15:14:43,560 : EventManager : Event: ======'player_score'====== Args={'value': 800, 'prev_value': 750, 'change': 50, 'player_num': 2}
2022-04-09 15:14:43,560 : EventManager : Event: ======'player_jet_count'====== Args={'value': 16, 'prev_value': 15, 'change': 1, 'player_num': 2}
2022-04-09 15:14:43,635 : EventManager : Event: ======'machine_var_audits_switches_s_jet_right'====== Args={'value': 33, 'prev_value': 32, 'change': 1}
2022-04-09 15:14:43,635 : EventManager : Event: ======'player_score'====== Args={'value': 850, 'prev_value': 800, 'change': 50, 'player_num': 2}
2022-04-09 15:14:43,635 : EventManager : Event: ======'player_jet_count'====== Args={'value': 17, 'prev_value': 16, 'change': 1, 'player_num': 2}
2022-04-09 15:14:52,954 : EventManager : Event: ======'machine_var_audits_switches_s_trough1'====== Args={'value': 47, 'prev_value': 46, 'change': 1}
2022-04-09 15:15:03,468 : EventManager : Event: ======'machine_var_audits_switches_s_plunger'====== Args={'value': 74, 'prev_value': 73, 'change': 1}
2022-04-09 15:15:05,649 : EventManager : Event: ======'machine_var_audits_switches_s_trough1'====== Args={'value': 48, 'prev_value': 47, 'change': 1}
2022-04-09 15:15:12,572 : EventManager : Event: ======'machine_var_audits_switches_s_trough2'====== Args={'value': 2, 'prev_value': 1, 'change': 1}
2022-04-09 15:15:13,067 : EventManager : Event: ======'slides_clear'====== Args={'context': 'base'}
2022-04-09 15:15:13,067 : EventManager : Event: ======'slide_base.slide_player-mode_base_started_removed'====== Args={}
2022-04-09 15:15:13,067 : EventManager : Event: ======'slide_attract_started_active'====== Args={}
2022-04-09 15:15:13,104 : EventManager : Event: ======'machine_var_player1_score'====== Args={'value': 1700, 'prev_value': 1450, 'change': 250}
2022-04-09 15:15:13,104 : EventManager : Event: ======'machine_var_player2_score'====== Args={'value': 850, 'prev_value': None, 'change': True}
2022-04-09 15:15:13,104 : EventManager : Event: ======'slides_play'====== Args={'settings': {'attract_started': {'target': None, 'background_color': [0.0, 0.0, 0.0, 1.0], 'priority': None, 'show': True, 'force': False, 'expire': None, 'slide': None, 'tokens': {}, 'action': 'play'}}, 'context': '_global', 'calling_context': 'mode_attract_started', 'priority': 0}
2022-04-09 15:15:13,104 : mpfmc : SlidePlayer: Play called with settings={'attract_started': {'target': None, 'background_color': [0.0, 0.0, 0.0, 1.0], 'priority': None, 'show': True, 'force': False, 'expire': None, 'slide': None, 'tokens': {}, 'action': 'play'}}
2022-04-09 15:15:13,104 : EventManager : Event: ======'slide_attract_started_removed'====== Args={}
2022-04-09 15:15:13,107 : EventManager : Event: ======'slide_attract_started_created'====== Args={}
2022-04-09 15:15:13,108 : EventManager : Event: ======'slide_attract_started_active'====== Args={}
2022-04-09 15:15:13,128 : EventManager : Event: ======'game_ended'====== Args={}
2022-04-09 15:17:18,819 : kivy : Base: Leaving application in progress...
2022-04-09 15:17:18,821 : mpfmc : Stopping...
2022-04-09 15:17:18,821 : EventManager : Event: ======'shutdown'====== Args={}
2022-04-09 15:17:18,821 : AudioInterface : Disabling audio playback
2022-04-09 15:17:18,920 : mpfmc : Loop rate 79.08 Hz
