2022-05-07 16:14:35,260 : kivy : Factory: 186 symbols loaded
2022-05-07 16:14:35,402 : kivy : ImageLoaderFFPy: Using ffpyplayer 4.3.2
2022-05-07 16:14:35,402 : kivy : Image: Providers: img_tex, img_dds, img_sdl2, img_pil, img_ffpyplayer 
2022-05-07 16:14:35,436 : kivy : VideoGstplayer: Using Gstreamer 1.18.0.0
2022-05-07 16:14:35,436 : kivy : Video: Provider: gstplayer
2022-05-07 16:14:35,640 : kivy : Loading MPF-MC controller
2022-05-07 16:14:35,644 : YamlMultifileConfigLoader : Machine config file #1: config
2022-05-07 16:14:35,645 : ConfigProcessor : Config file in cache changed: C:\repio\mpfenv\crazyFlip\config\config
2022-05-07 16:14:35,646 : ConfigProcessor : Loading config from file c:\users\repio\downloads\python3.7.8\lib\site-packages\mpfmc\mcconfig.yaml.
2022-05-07 16:14:35,691 : ConfigProcessor : Loading config: c:\users\repio\downloads\python3.7.8\lib\site-packages\mpfmc\mcconfig.yaml
2022-05-07 16:14:35,691 : ConfigProcessor : Loading config from file C:\repio\mpfenv\crazyFlip\config\config.
2022-05-07 16:14:35,707 : ConfigProcessor : Loading config: C:\repio\mpfenv\crazyFlip\config\config
2022-05-07 16:14:35,730 : ConfigProcessor : Loading config: C:\repio\mpfenv\crazyFlip\config\hardware.yaml
2022-05-07 16:14:35,732 : ConfigProcessor : Config file cache created: C:\Users\Repio\AppData\Local\Temp\06f87a375a38eca5729c2ca63bf6404d.mpf_cache
2022-05-07 16:14:35,733 : ConfigProcessor : Loading config from cache: C:\Users\Repio\AppData\Local\Temp\768b97d3cdff3ba84c45a3739d497feb.mpf_cache
2022-05-07 16:14:35,734 : ConfigProcessor : Loading config from cache: C:\Users\Repio\AppData\Local\Temp\24f4c4ff75cc6aca9851c28bb2d62b1a.mpf_cache
2022-05-07 16:14:35,734 : ConfigProcessor : Loading config from cache: C:\Users\Repio\AppData\Local\Temp\b1d7b75ee3dfcd96ec53ba2a7f4646eb.mpf_cache
2022-05-07 16:14:35,735 : mpfmc : Mission Pinball Framework Media Controller v0.55.0
2022-05-07 16:14:35,735 : mpfmc : Mission Pinball Framework Game Engine v0.55.0
2022-05-07 16:14:35,735 : mpfmc : Machine path: C:\repio\mpfenv\crazyFlip
2022-05-07 16:14:35,735 : mpfmc : Starting clock at 60.0Hz
2022-05-07 16:14:35,748 : kivy : Text: Provider: sdl2
2022-05-07 16:14:35,783 : kivy : Window: Provider: sdl2
2022-05-07 16:14:36,003 : kivy : GL: Using the "OpenGL" graphics system
2022-05-07 16:14:36,010 : kivy : GL: GLEW initialization succeeded
2022-05-07 16:14:36,011 : kivy : GL: Backend used <glew>
2022-05-07 16:14:36,011 : kivy : GL: OpenGL version <b'4.6.0 NVIDIA 456.71'>
2022-05-07 16:14:36,011 : kivy : GL: OpenGL vendor <b'NVIDIA Corporation'>
2022-05-07 16:14:36,011 : kivy : GL: OpenGL renderer <b'GeForce GTX 1060 6GB/PCIe/SSE2'>
2022-05-07 16:14:36,011 : kivy : GL: OpenGL parsed version: 4, 6
2022-05-07 16:14:36,011 : kivy : GL: Shading version <b'4.60 NVIDIA'>
2022-05-07 16:14:36,011 : kivy : GL: Texture max size <32768>
2022-05-07 16:14:36,011 : kivy : GL: Texture max units <32>
2022-05-07 16:14:36,038 : kivy : Window: auto add sdl2 input provider
2022-05-07 16:14:36,038 : kivy : Window: virtual keyboard not allowed, single mode, not docked
2022-05-07 16:14:36,045 : SoundSystem : SoundSystem: Using default 'sound_system' settings
2022-05-07 16:14:36,288 : AudioInterface : Initialized
2022-05-07 16:14:36,289 : AudioInterface : Loaded SDL 2.0.12
2022-05-07 16:14:36,289 : AudioInterface : Loaded SDL_Mixer 2.0.4
2022-05-07 16:14:36,289 : AudioInterface : Loaded GStreamer 1.18.0.0
2022-05-07 16:14:36,289 : AudioInterface : Loaded GLib 2.62.6
2022-05-07 16:14:36,289 : AudioInterface : Settings requested - rate: 44100, channels: 1, buffer: 2048 samples
2022-05-07 16:14:36,289 : AudioInterface : Settings in use - rate: 44100, channels: 1, buffer: 2048 samples (4096 bytes @ 2 bytes per sample)
2022-05-07 16:14:36,289 : SoundSystem : No audio tracks are specified in your machine config file. a track named 'default' has been created.
2022-05-07 16:14:36,289 : SoundSystem : Setting master volume to 0.0
2022-05-07 16:14:36,289 : SoundSystem : master_volume in sound_system is deprecated and will be removed in the future.
2022-05-07 16:14:36,290 : AudioInterface : Enabling audio playback
2022-05-07 16:14:36,292 : kivy : Base: Start application main loop
2022-05-07 16:14:36,292 : EventManager : Event: ======'display_windows_initialized'====== Args={}
2022-05-07 16:14:36,305 : mpfmc : Display: Setting 'windows' as default display
2022-05-07 16:14:36,311 : EventManager : Event: ======'displays_initialized'====== Args={}
2022-05-07 16:14:36,312 : EventManager : Event: ======'slide_windows_blank_created'====== Args={}
2022-05-07 16:14:36,312 : EventManager : Event: ======'display_windows_ready'====== Args={}
2022-05-07 16:14:36,322 : EventManager : Event: ======'init_phase_1'====== Args={}
2022-05-07 16:14:36,327 : EventManager : Event: ======'mc_ready'====== Args={}
2022-05-07 16:14:36,327 : EventManager : Event: ======'init_phase_2'====== Args={}
2022-05-07 16:14:36,329 : EventManager : Event: ======'init_phase_3'====== Args={}
2022-05-07 16:14:36,331 : EventManager : Event: ======'init_phase_4'====== Args={}
2022-05-07 16:14:36,331 : EventManager : Event: ======'init_phase_5'====== Args={}
2022-05-07 16:14:36,357 : kivy : GL: NPOT texture support is available
2022-05-07 16:14:36,359 : EventManager : Event: ======'loading_assets'====== Args={'total': 1, 'loaded': 1, 'remaining': 0, 'percent': 100}
2022-05-07 16:14:36,359 : AssetManager : Asset loading took: 0.06919050216674805
2022-05-07 16:14:36,359 : EventManager : Event: ======'asset_loading_complete'====== Args={}
2022-05-07 16:14:36,359 : AssetManager : Loading assets: 1/1 (100%)
2022-05-07 16:14:36,359 : EventManager : Event: ======'init_done'====== Args={}
2022-05-07 16:14:36,360 : MPF-MC BCP Server : Starting up on localhost port 5050
2022-05-07 16:14:36,363 : MPF-MC BCP Server : Waiting for a connection...
2022-05-07 16:14:36,363 : mpfmc : SlidePlayer: Play called with settings={'slides': {slide_start-None-None: {'priority': None, 'target': None, 'background_color': [0.0, 0.0, 0.0, 1.0], 'show': True, 'force': False, 'expire': None, 'slide': None, 'tokens': {}, 'action': 'play', 'transition': None, 'transition_out': None}}}
2022-05-07 16:14:36,369 : EventManager : Event: ======'slide_slide_start_created'====== Args={}
2022-05-07 16:14:36,370 : EventManager : Event: ======'slide_slide_start_active'====== Args={}
2022-05-07 16:14:36,372 : EventManager : Event: ======'client_disconnected'====== Args={'host': '127.0.0.1', 'port': 5050}
2022-05-07 16:14:37,417 : MPF-MC BCP Server : Received connection from: 127.0.0.1:57452
2022-05-07 16:14:37,422 : EventManager : Event: ======'client_connected'====== Args={'host': '127.0.0.1', 'port': 57452}
2022-05-07 16:14:37,434 : EventManager : Event: ======'machine_var_credits_string'====== Args={'value': 'FREE PLAY', 'prev_value': None, 'change': True}
2022-05-07 16:14:37,434 : EventManager : Event: ======'machine_var_master_volume'====== Args={'value': 0.5, 'prev_value': None, 'change': True}
2022-05-07 16:14:37,434 : EventManager : Event: ======'machine_var_player1_score'====== Args={'value': 1700, 'prev_value': None, 'change': True}
2022-05-07 16:14:37,434 : EventManager : Event: ======'machine_var_player2_score'====== Args={'value': 850, 'prev_value': None, 'change': True}
2022-05-07 16:14:37,434 : EventManager : Event: ======'machine_var_mpf_version'====== Args={'value': 'MPF v0.55.0', 'prev_value': None, 'change': True}
2022-05-07 16:14:37,434 : EventManager : Event: ======'machine_var_mpf_extended_version'====== Args={'value': 'MPF v0.55.0, Config version:5, Show version: 5, BCP version:1.1', 'prev_value': None, 'change': True}
2022-05-07 16:14:37,434 : EventManager : Event: ======'machine_var_python_version'====== Args={'value': '3.7.8', 'prev_value': None, 'change': True}
2022-05-07 16:14:37,434 : EventManager : Event: ======'machine_var_platform'====== Args={'value': 'Windows-10-10.0.19041-SP0', 'prev_value': None, 'change': True}
2022-05-07 16:14:37,434 : EventManager : Event: ======'machine_var_platform_system'====== Args={'value': 'Windows', 'prev_value': None, 'change': True}
2022-05-07 16:14:37,434 : EventManager : Event: ======'machine_var_platform_release'====== Args={'value': '10', 'prev_value': None, 'change': True}
2022-05-07 16:14:37,435 : EventManager : Event: ======'machine_var_platform_version'====== Args={'value': '10.0.19041', 'prev_value': None, 'change': True}
2022-05-07 16:14:37,435 : EventManager : Event: ======'machine_var_platform_machine'====== Args={'value': 'AMD64', 'prev_value': None, 'change': True}
2022-05-07 16:14:37,435 : EventManager : Event: ======'machine_var_mc_version'====== Args={'value': 'MPF-MC v0.55.0', 'prev_value': None, 'change': True}
2022-05-07 16:14:37,435 : EventManager : Event: ======'machine_var_mc_extended_version'====== Args={'value': 'MPF-MC v0.55.0 (config_version=5, BCP v1.1, Requires MPF v0.55.0-dev.49)', 'prev_value': None, 'change': True}
2022-05-07 16:14:37,435 : SoundSystem : Setting master volume to 0.5
2022-05-07 16:14:37,484 : EventManager : Event: ======'machine_var_audits_events_game_ended'====== Args={'value': 0, 'prev_value': None, 'change': True}
2022-05-07 16:14:37,484 : EventManager : Event: ======'machine_var_audits_events_game_started'====== Args={'value': 0, 'prev_value': None, 'change': True}
2022-05-07 16:14:37,484 : EventManager : Event: ======'machine_var_audits_player_score'====== Args={'value': {'average': 210.0, 'top': [1700, 1450, 850, 0, 0, 0, 0, 0, 0, 0], 'total': 15}, 'prev_value': None, 'change': True}
2022-05-07 16:14:37,484 : EventManager : Event: ======'machine_var_audits_switches_s_flipper_left'====== Args={'value': 12, 'prev_value': None, 'change': True}
2022-05-07 16:14:37,485 : EventManager : Event: ======'machine_var_audits_switches_s_flipper_right'====== Args={'value': 13, 'prev_value': None, 'change': True}
2022-05-07 16:14:37,485 : EventManager : Event: ======'machine_var_audits_switches_s_flipper_upper'====== Args={'value': 31, 'prev_value': None, 'change': True}
2022-05-07 16:14:37,485 : EventManager : Event: ======'machine_var_audits_switches_s_jet_down'====== Args={'value': 38, 'prev_value': None, 'change': True}
2022-05-07 16:14:37,485 : EventManager : Event: ======'machine_var_audits_switches_s_jet_left'====== Args={'value': 65, 'prev_value': None, 'change': True}
2022-05-07 16:14:37,485 : EventManager : Event: ======'machine_var_audits_switches_s_jet_right'====== Args={'value': 33, 'prev_value': None, 'change': True}
2022-05-07 16:14:37,485 : EventManager : Event: ======'machine_var_audits_switches_s_plunger'====== Args={'value': 75, 'prev_value': None, 'change': True}
2022-05-07 16:14:37,485 : EventManager : Event: ======'machine_var_audits_switches_s_right_inlane'====== Args={'value': 51, 'prev_value': None, 'change': True}
2022-05-07 16:14:37,485 : EventManager : Event: ======'machine_var_audits_switches_s_sling_left'====== Args={'value': 11, 'prev_value': None, 'change': True}
2022-05-07 16:14:37,485 : EventManager : Event: ======'machine_var_audits_switches_s_slingshot_right'====== Args={'value': 18, 'prev_value': None, 'change': True}
2022-05-07 16:14:37,485 : EventManager : Event: ======'machine_var_audits_switches_s_start'====== Args={'value': 45, 'prev_value': None, 'change': True}
2022-05-07 16:14:37,486 : EventManager : Event: ======'machine_var_audits_switches_s_trough1'====== Args={'value': 48, 'prev_value': None, 'change': True}
2022-05-07 16:14:37,486 : EventManager : Event: ======'machine_var_audits_switches_s_trough2'====== Args={'value': 2, 'prev_value': None, 'change': True}
2022-05-07 16:14:37,486 : EventManager : Event: ======'machine_var_audits_switches_s_trough3'====== Args={'value': 0, 'prev_value': None, 'change': True}
2022-05-07 16:14:37,486 : EventManager : Event: ======'machine_var_audits_switches_s_trough4'====== Args={'value': 0, 'prev_value': None, 'change': True}
2022-05-07 16:14:37,497 : EventManager : Event: ======'machine_var_audits_switches_s_trough5'====== Args={'value': 0, 'prev_value': None, 'change': True}
2022-05-07 16:14:37,497 : EventManager : Event: ======'machine_var_audits_switches_s_trough6'====== Args={'value': 0, 'prev_value': None, 'change': True}
2022-05-07 16:14:37,497 : EventManager : Event: ======'machine_var_audits_switches_s_trough_jam'====== Args={'value': 0, 'prev_value': None, 'change': True}
2022-05-07 16:14:37,509 : EventManager : Event: ======'slides_play'====== Args={'settings': {'slide_start': {'target': None, 'background_color': [0.0, 0.0, 0.0, 1.0], 'priority': None, 'show': True, 'force': False, 'expire': None, 'slide': None, 'tokens': {}, 'action': 'play'}}, 'context': '_global', 'calling_context': 'init_done', 'priority': 0}
2022-05-07 16:14:37,509 : EventManager : Event: ======'mc_reset_phase_1'====== Args={}
2022-05-07 16:14:37,509 : mpfmc : SlidePlayer: Play called with settings={'slide_start': {'target': None, 'background_color': [0.0, 0.0, 0.0, 1.0], 'priority': None, 'show': True, 'force': False, 'expire': None, 'slide': None, 'tokens': {}, 'action': 'play'}}
2022-05-07 16:14:37,509 : EventManager : Event: ======'slide_slide_start_removed'====== Args={}
2022-05-07 16:14:37,512 : EventManager : Event: ======'slide_slide_start_created'====== Args={}
2022-05-07 16:14:37,512 : EventManager : Event: ======'mc_reset_phase_2'====== Args={}
2022-05-07 16:14:37,512 : EventManager : Event: ======'mc_reset_phase_3'====== Args={}
2022-05-07 16:14:37,512 : EventManager : Event: ======'mc_reset_complete'====== Args={}
2022-05-07 16:14:37,512 : EventManager : Event: ======'slide_slide_start_active'====== Args={}
2022-05-07 16:14:37,521 : EventManager : Event: ======'slides_play'====== Args={'settings': {'attract_started': {'target': None, 'background_color': [0.0, 0.0, 0.0, 1.0], 'priority': None, 'show': True, 'force': False, 'expire': None, 'slide': None, 'tokens': {}, 'action': 'play'}}, 'context': '_global', 'calling_context': 'mode_attract_started', 'priority': 0}
2022-05-07 16:14:37,521 : mpfmc : SlidePlayer: Play called with settings={'attract_started': {'target': None, 'background_color': [0.0, 0.0, 0.0, 1.0], 'priority': None, 'show': True, 'force': False, 'expire': None, 'slide': None, 'tokens': {}, 'action': 'play'}}
2022-05-07 16:14:37,523 : EventManager : Event: ======'slide_attract_started_created'====== Args={}
2022-05-07 16:14:37,523 : EventManager : Event: ======'slide_attract_started_active'====== Args={}
2022-05-07 16:44:16,952 : kivy : Base: Leaving application in progress...
2022-05-07 16:44:16,953 : mpfmc : Stopping...
2022-05-07 16:44:16,953 : EventManager : Event: ======'shutdown'====== Args={}
2022-05-07 16:44:16,953 : AudioInterface : Disabling audio playback
2022-05-07 16:44:17,081 : mpfmc : Loop rate 80.57 Hz
2022-05-07 16:44:17,081 : kivy : MC run loop ended.
2022-05-07 16:44:17,081 : kivy : Stopping child threads... (2 remaining)
2022-05-07 16:44:17,187 : mpfmc : Stopping...
2022-05-07 16:44:17,188 : EventManager : Event: ======'shutdown'====== Args={}
2022-05-07 16:44:17,188 : mpfmc : Loop rate 80.57 Hz
2022-05-07 16:44:17,213 : MPF-MC BCP Server : Stopping BCP sending thread
2022-05-07 16:44:17,282 : kivy : All child threads stopped.
