2022-05-07 16:07:22,315 : kivy : Factory: 186 symbols loaded
2022-05-07 16:07:22,457 : kivy : ImageLoaderFFPy: Using ffpyplayer 4.3.2
2022-05-07 16:07:22,457 : kivy : Image: Providers: img_tex, img_dds, img_sdl2, img_pil, img_ffpyplayer 
2022-05-07 16:07:22,492 : kivy : VideoGstplayer: Using Gstreamer 1.18.0.0
2022-05-07 16:07:22,492 : kivy : Video: Provider: gstplayer
2022-05-07 16:07:22,696 : kivy : Loading MPF-MC controller
2022-05-07 16:07:22,699 : YamlMultifileConfigLoader : Machine config file #1: config
2022-05-07 16:07:22,700 : ConfigProcessor : Loading config from file c:\users\repio\downloads\python3.7.8\lib\site-packages\mpfmc\mcconfig.yaml.
2022-05-07 16:07:22,745 : ConfigProcessor : Loading config: c:\users\repio\downloads\python3.7.8\lib\site-packages\mpfmc\mcconfig.yaml
2022-05-07 16:07:22,746 : ConfigProcessor : Loading config from file C:\repio\mpfenv\crazyFlip\config\config.
2022-05-07 16:07:22,762 : ConfigProcessor : Loading config: C:\repio\mpfenv\crazyFlip\config\config
2022-05-07 16:07:22,786 : ConfigProcessor : Loading config: C:\repio\mpfenv\crazyFlip\config\hardware.yaml
2022-05-07 16:07:22,788 : ConfigProcessor : Config file cache created: C:\Users\Repio\AppData\Local\Temp\06f87a375a38eca5729c2ca63bf6404d.mpf_cache
2022-05-07 16:07:22,788 : ConfigProcessor : Loading config from cache: C:\Users\Repio\AppData\Local\Temp\768b97d3cdff3ba84c45a3739d497feb.mpf_cache
2022-05-07 16:07:22,789 : ConfigProcessor : Loading config from cache: C:\Users\Repio\AppData\Local\Temp\24f4c4ff75cc6aca9851c28bb2d62b1a.mpf_cache
2022-05-07 16:07:22,790 : ConfigProcessor : Loading config from cache: C:\Users\Repio\AppData\Local\Temp\b1d7b75ee3dfcd96ec53ba2a7f4646eb.mpf_cache
2022-05-07 16:07:22,790 : mpfmc : Mission Pinball Framework Media Controller v0.55.0
2022-05-07 16:07:22,791 : mpfmc : Mission Pinball Framework Game Engine v0.55.0
2022-05-07 16:07:22,791 : mpfmc : Machine path: C:\repio\mpfenv\crazyFlip
2022-05-07 16:07:22,791 : mpfmc : Starting clock at 60.0Hz
2022-05-07 16:07:22,803 : kivy : Text: Provider: sdl2
2022-05-07 16:07:22,839 : kivy : Window: Provider: sdl2
2022-05-07 16:07:23,060 : kivy : GL: Using the "OpenGL" graphics system
2022-05-07 16:07:23,064 : kivy : GL: GLEW initialization succeeded
2022-05-07 16:07:23,065 : kivy : GL: Backend used <glew>
2022-05-07 16:07:23,065 : kivy : GL: OpenGL version <b'4.6.0 NVIDIA 456.71'>
2022-05-07 16:07:23,065 : kivy : GL: OpenGL vendor <b'NVIDIA Corporation'>
2022-05-07 16:07:23,065 : kivy : GL: OpenGL renderer <b'GeForce GTX 1060 6GB/PCIe/SSE2'>
2022-05-07 16:07:23,065 : kivy : GL: OpenGL parsed version: 4, 6
2022-05-07 16:07:23,065 : kivy : GL: Shading version <b'4.60 NVIDIA'>
2022-05-07 16:07:23,065 : kivy : GL: Texture max size <32768>
2022-05-07 16:07:23,065 : kivy : GL: Texture max units <32>
2022-05-07 16:07:23,092 : kivy : Window: auto add sdl2 input provider
2022-05-07 16:07:23,092 : kivy : Window: virtual keyboard not allowed, single mode, not docked
2022-05-07 16:07:23,098 : SoundSystem : SoundSystem: Using default 'sound_system' settings
2022-05-07 16:07:24,229 : AudioInterface : Initialized
2022-05-07 16:07:24,229 : AudioInterface : Loaded SDL 2.0.12
2022-05-07 16:07:24,229 : AudioInterface : Loaded SDL_Mixer 2.0.4
2022-05-07 16:07:24,229 : AudioInterface : Loaded GStreamer 1.18.0.0
2022-05-07 16:07:24,230 : AudioInterface : Loaded GLib 2.62.6
2022-05-07 16:07:24,230 : AudioInterface : Settings requested - rate: 44100, channels: 1, buffer: 2048 samples
2022-05-07 16:07:24,230 : AudioInterface : Settings in use - rate: 44100, channels: 1, buffer: 2048 samples (4096 bytes @ 2 bytes per sample)
2022-05-07 16:07:24,230 : SoundSystem : No audio tracks are specified in your machine config file. a track named 'default' has been created.
2022-05-07 16:07:24,230 : SoundSystem : Setting master volume to 0.0
2022-05-07 16:07:24,230 : SoundSystem : master_volume in sound_system is deprecated and will be removed in the future.
2022-05-07 16:07:24,230 : AudioInterface : Enabling audio playback
2022-05-07 16:07:24,232 : kivy : Base: Start application main loop
2022-05-07 16:07:24,233 : EventManager : Event: ======'display_windows_initialized'====== Args={}
2022-05-07 16:07:24,244 : mpfmc : Display: Setting 'windows' as default display
2022-05-07 16:07:24,251 : EventManager : Event: ======'displays_initialized'====== Args={}
2022-05-07 16:07:24,252 : EventManager : Event: ======'slide_windows_blank_created'====== Args={}
2022-05-07 16:07:24,252 : EventManager : Event: ======'display_windows_ready'====== Args={}
2022-05-07 16:07:24,264 : EventManager : Event: ======'init_phase_1'====== Args={}
2022-05-07 16:07:24,268 : EventManager : Event: ======'mc_ready'====== Args={}
2022-05-07 16:07:24,268 : EventManager : Event: ======'init_phase_2'====== Args={}
2022-05-07 16:07:24,272 : EventManager : Event: ======'init_phase_3'====== Args={}
2022-05-07 16:07:24,273 : EventManager : Event: ======'init_phase_4'====== Args={}
2022-05-07 16:07:24,273 : EventManager : Event: ======'init_phase_5'====== Args={}
2022-05-07 16:07:24,294 : kivy : GL: NPOT texture support is available
2022-05-07 16:07:24,296 : EventManager : Event: ======'loading_assets'====== Args={'total': 1, 'loaded': 1, 'remaining': 0, 'percent': 100}
2022-05-07 16:07:24,296 : AssetManager : Asset loading took: 0.06590843200683594
2022-05-07 16:07:24,296 : EventManager : Event: ======'asset_loading_complete'====== Args={}
2022-05-07 16:07:24,296 : AssetManager : Loading assets: 1/1 (100%)
2022-05-07 16:07:24,296 : EventManager : Event: ======'init_done'====== Args={}
2022-05-07 16:07:24,296 : MPF-MC BCP Server : Starting up on localhost port 5050
2022-05-07 16:07:24,301 : MPF-MC BCP Server : Waiting for a connection...
2022-05-07 16:07:24,301 : mpfmc : SlidePlayer: Play called with settings={'slides': {slide_start-None-None: {'priority': None, 'target': None, 'background_color': [0.0, 0.0, 0.0, 1.0], 'show': True, 'force': False, 'expire': None, 'slide': None, 'tokens': {}, 'action': 'play', 'transition': None, 'transition_out': None}}}
2022-05-07 16:07:24,309 : EventManager : Event: ======'slide_slide_start_created'====== Args={}
2022-05-07 16:07:24,310 : EventManager : Event: ======'slide_slide_start_active'====== Args={}
2022-05-07 16:07:24,312 : EventManager : Event: ======'client_disconnected'====== Args={'host': '127.0.0.1', 'port': 5050}
2022-05-07 16:07:24,484 : MPF-MC BCP Server : Received connection from: 127.0.0.1:57385
2022-05-07 16:07:24,494 : EventManager : Event: ======'client_connected'====== Args={'host': '127.0.0.1', 'port': 57385}
2022-05-07 16:07:24,568 : EventManager : Event: ======'machine_var_credits_string'====== Args={'value': 'FREE PLAY', 'prev_value': None, 'change': True}
2022-05-07 16:07:24,568 : EventManager : Event: ======'machine_var_master_volume'====== Args={'value': 0.5, 'prev_value': None, 'change': True}
2022-05-07 16:07:24,568 : EventManager : Event: ======'machine_var_player1_score'====== Args={'value': 1700, 'prev_value': None, 'change': True}
2022-05-07 16:07:24,568 : EventManager : Event: ======'machine_var_player2_score'====== Args={'value': 850, 'prev_value': None, 'change': True}
2022-05-07 16:07:24,568 : EventManager : Event: ======'machine_var_mpf_version'====== Args={'value': 'MPF v0.55.0', 'prev_value': None, 'change': True}
2022-05-07 16:07:24,568 : EventManager : Event: ======'machine_var_mpf_extended_version'====== Args={'value': 'MPF v0.55.0, Config version:5, Show version: 5, BCP version:1.1', 'prev_value': None, 'change': True}
2022-05-07 16:07:24,568 : EventManager : Event: ======'machine_var_python_version'====== Args={'value': '3.7.8', 'prev_value': None, 'change': True}
2022-05-07 16:07:24,568 : EventManager : Event: ======'machine_var_platform'====== Args={'value': 'Windows-10-10.0.19041-SP0', 'prev_value': None, 'change': True}
2022-05-07 16:07:24,568 : EventManager : Event: ======'machine_var_platform_system'====== Args={'value': 'Windows', 'prev_value': None, 'change': True}
2022-05-07 16:07:24,568 : EventManager : Event: ======'machine_var_platform_release'====== Args={'value': '10', 'prev_value': None, 'change': True}
2022-05-07 16:07:24,569 : EventManager : Event: ======'machine_var_platform_version'====== Args={'value': '10.0.19041', 'prev_value': None, 'change': True}
2022-05-07 16:07:24,569 : EventManager : Event: ======'machine_var_platform_machine'====== Args={'value': 'AMD64', 'prev_value': None, 'change': True}
2022-05-07 16:07:24,569 : EventManager : Event: ======'machine_var_mc_version'====== Args={'value': 'MPF-MC v0.55.0', 'prev_value': None, 'change': True}
2022-05-07 16:07:24,569 : EventManager : Event: ======'machine_var_mc_extended_version'====== Args={'value': 'MPF-MC v0.55.0 (config_version=5, BCP v1.1, Requires MPF v0.55.0-dev.49)', 'prev_value': None, 'change': True}
2022-05-07 16:07:24,569 : SoundSystem : Setting master volume to 0.5
2022-05-07 16:07:24,580 : EventManager : Event: ======'machine_var_audits_events_game_ended'====== Args={'value': 0, 'prev_value': None, 'change': True}
2022-05-07 16:07:24,580 : EventManager : Event: ======'machine_var_audits_events_game_started'====== Args={'value': 0, 'prev_value': None, 'change': True}
2022-05-07 16:07:24,580 : EventManager : Event: ======'machine_var_audits_player_score'====== Args={'value': {'average': 210.0, 'top': [1700, 1450, 850, 0, 0, 0, 0, 0, 0, 0], 'total': 15}, 'prev_value': None, 'change': True}
2022-05-07 16:07:24,580 : EventManager : Event: ======'machine_var_audits_switches_s_flipper_left'====== Args={'value': 12, 'prev_value': None, 'change': True}
2022-05-07 16:07:24,580 : EventManager : Event: ======'machine_var_audits_switches_s_flipper_right'====== Args={'value': 13, 'prev_value': None, 'change': True}
2022-05-07 16:07:24,580 : EventManager : Event: ======'machine_var_audits_switches_s_flipper_upper'====== Args={'value': 31, 'prev_value': None, 'change': True}
2022-05-07 16:07:24,580 : EventManager : Event: ======'machine_var_audits_switches_s_jet_down'====== Args={'value': 38, 'prev_value': None, 'change': True}
2022-05-07 16:07:24,580 : EventManager : Event: ======'machine_var_audits_switches_s_jet_left'====== Args={'value': 65, 'prev_value': None, 'change': True}
2022-05-07 16:07:24,580 : EventManager : Event: ======'machine_var_audits_switches_s_jet_right'====== Args={'value': 33, 'prev_value': None, 'change': True}
2022-05-07 16:07:24,580 : EventManager : Event: ======'machine_var_audits_switches_s_plunger'====== Args={'value': 74, 'prev_value': None, 'change': True}
2022-05-07 16:07:24,580 : EventManager : Event: ======'machine_var_audits_switches_s_right_inlane'====== Args={'value': 51, 'prev_value': None, 'change': True}
2022-05-07 16:07:24,580 : EventManager : Event: ======'machine_var_audits_switches_s_sling_left'====== Args={'value': 11, 'prev_value': None, 'change': True}
2022-05-07 16:07:24,580 : EventManager : Event: ======'machine_var_audits_switches_s_slingshot_right'====== Args={'value': 18, 'prev_value': None, 'change': True}
2022-05-07 16:07:24,581 : EventManager : Event: ======'machine_var_audits_switches_s_start'====== Args={'value': 45, 'prev_value': None, 'change': True}
2022-05-07 16:07:24,581 : EventManager : Event: ======'machine_var_audits_switches_s_trough1'====== Args={'value': 48, 'prev_value': None, 'change': True}
2022-05-07 16:07:24,581 : EventManager : Event: ======'machine_var_audits_switches_s_trough2'====== Args={'value': 2, 'prev_value': None, 'change': True}
2022-05-07 16:07:24,581 : EventManager : Event: ======'machine_var_audits_switches_s_trough3'====== Args={'value': 0, 'prev_value': None, 'change': True}
2022-05-07 16:07:24,581 : EventManager : Event: ======'machine_var_audits_switches_s_trough4'====== Args={'value': 0, 'prev_value': None, 'change': True}
2022-05-07 16:07:24,581 : EventManager : Event: ======'machine_var_audits_switches_s_trough5'====== Args={'value': 0, 'prev_value': None, 'change': True}
2022-05-07 16:07:24,581 : EventManager : Event: ======'machine_var_audits_switches_s_trough6'====== Args={'value': 0, 'prev_value': None, 'change': True}
2022-05-07 16:07:24,581 : EventManager : Event: ======'machine_var_audits_switches_s_trough_jam'====== Args={'value': 0, 'prev_value': None, 'change': True}
2022-05-07 16:07:24,592 : EventManager : Event: ======'slides_play'====== Args={'settings': {'slide_start': {'target': None, 'background_color': [0.0, 0.0, 0.0, 1.0], 'priority': None, 'show': True, 'force': False, 'expire': None, 'slide': None, 'tokens': {}, 'action': 'play'}}, 'context': '_global', 'calling_context': 'init_done', 'priority': 0}
2022-05-07 16:07:24,592 : EventManager : Event: ======'mc_reset_phase_1'====== Args={}
2022-05-07 16:07:24,592 : mpfmc : SlidePlayer: Play called with settings={'slide_start': {'target': None, 'background_color': [0.0, 0.0, 0.0, 1.0], 'priority': None, 'show': True, 'force': False, 'expire': None, 'slide': None, 'tokens': {}, 'action': 'play'}}
2022-05-07 16:07:24,592 : EventManager : Event: ======'slide_slide_start_removed'====== Args={}
2022-05-07 16:07:24,594 : EventManager : Event: ======'slide_slide_start_created'====== Args={}
2022-05-07 16:07:24,595 : EventManager : Event: ======'mc_reset_phase_2'====== Args={}
2022-05-07 16:07:24,595 : EventManager : Event: ======'mc_reset_phase_3'====== Args={}
2022-05-07 16:07:24,595 : EventManager : Event: ======'mc_reset_complete'====== Args={}
2022-05-07 16:07:24,595 : EventManager : Event: ======'slide_slide_start_active'====== Args={}
2022-05-07 16:07:24,604 : EventManager : Event: ======'slides_play'====== Args={'settings': {'attract_started': {'target': None, 'background_color': [0.0, 0.0, 0.0, 1.0], 'priority': None, 'show': True, 'force': False, 'expire': None, 'slide': None, 'tokens': {}, 'action': 'play'}}, 'context': '_global', 'calling_context': 'mode_attract_started', 'priority': 0}
2022-05-07 16:07:24,604 : mpfmc : SlidePlayer: Play called with settings={'attract_started': {'target': None, 'background_color': [0.0, 0.0, 0.0, 1.0], 'priority': None, 'show': True, 'force': False, 'expire': None, 'slide': None, 'tokens': {}, 'action': 'play'}}
2022-05-07 16:07:24,608 : EventManager : Event: ======'slide_attract_started_created'====== Args={}
2022-05-07 16:07:24,608 : EventManager : Event: ======'slide_attract_started_active'====== Args={}
2022-05-07 16:07:40,408 : EventManager : Event: ======'game_started'====== Args={}
2022-05-07 16:07:40,408 : EventManager : Event: ======'player_added'====== Args={'player': <Player 1>, 'num': 1}
2022-05-07 16:07:40,408 : EventManager : Event: ======'player_index'====== Args={'value': 0, 'prev_value': 0, 'change': 0, 'player_num': 1}
2022-05-07 16:07:40,408 : EventManager : Event: ======'player_number'====== Args={'value': 1, 'prev_value': 1, 'change': 0, 'player_num': 1}
2022-05-07 16:07:40,408 : EventManager : Event: ======'player_score'====== Args={'value': 0, 'prev_value': 0, 'change': 0, 'player_num': 1}
2022-05-07 16:07:40,408 : EventManager : Event: ======'player_jet_count'====== Args={'value': 0, 'prev_value': 0, 'change': 0, 'player_num': 1}
2022-05-07 16:07:40,420 : EventManager : Event: ======'player_ball'====== Args={'value': 1, 'prev_value': 0, 'change': 1, 'player_num': 1}
2022-05-07 16:07:40,420 : EventManager : Event: ======'player_turn_start'====== Args={'number': 1, 'player': <Player 1>}
2022-05-07 16:07:40,432 : EventManager : Event: ======'slides_play'====== Args={'settings': {'widgets': {'widgets': [{'type': 'text', 'text': '(score)', 'number_grouping': True, 'min_digits': 2, 'font_size': 100, '_default_settings': ['type', 'text', 'number_grouping', 'min_digits', 'font_size'], 'x': None, 'y': None, 'anchor_x': 'center', 'anchor_y': 'center', 'round_anchor_x': None, 'round_anchor_y': None, 'opacity': 1.0, 'z': 0, 'reset_animations_events': {}, 'color': [1.0, 1.0, 1.0, 1.0], 'style': [], 'adjust_top': 0, 'adjust_bottom': 0, 'adjust_left': 0, 'adjust_right': 0, 'expire': None, 'key': None, 'widget': None, 'events_when_added': [], 'events_when_removed': [], 'bitmap_font': False, 'font_kerning': True, 'bold': False, 'italic': False, 'halign': 'center', 'valign': 'middle', 'rotation': 0, 'scale': 1.0, 'casing': None, 'animations': None}, {'type': 'text', 'text': 'PLAYER (number)', 'y': '10', 'x': '10', 'font_size': 50, 'anchor_x': 'left', 'anchor_y': 'bottom', '_default_settings': ['type', 'text', 'y', 'x', 'font_size', 'anchor_x', 'anchor_y'], 'round_anchor_x': None, 'round_anchor_y': None, 'opacity': 1.0, 'z': 0, 'reset_animations_events': {}, 'color': [1.0, 1.0, 1.0, 1.0], 'style': [], 'adjust_top': 0, 'adjust_bottom': 0, 'adjust_left': 0, 'adjust_right': 0, 'expire': None, 'key': None, 'widget': None, 'events_when_added': [], 'events_when_removed': [], 'bitmap_font': False, 'font_kerning': True, 'bold': False, 'italic': False, 'number_grouping': False, 'min_digits': 0, 'halign': 'center', 'valign': 'middle', 'rotation': 0, 'scale': 1.0, 'casing': None, 'animations': None}, {'type': 'text', 'text': 'BALL (ball)', 'y': '10', 'x': 'right-10', 'anchor_x': 'right', 'anchor_y': 'bottom', 'font_size': 50, '_default_settings': ['type', 'text', 'y', 'x', 'anchor_x', 'anchor_y', 'font_size'], 'round_anchor_x': None, 'round_anchor_y': None, 'opacity': 1.0, 'z': 0, 'reset_animations_events': {}, 'color': [1.0, 1.0, 1.0, 1.0], 'style': [], 'adjust_top': 0, 'adjust_bottom': 0, 'adjust_left': 0, 'adjust_right': 0, 'expire': None, 'key': None, 'widget': None, 'events_when_added': [], 'events_when_removed': [], 'bitmap_font': False, 'font_kerning': True, 'bold': False, 'italic': False, 'number_grouping': False, 'min_digits': 0, 'halign': 'center', 'valign': 'middle', 'rotation': 0, 'scale': 1.0, 'casing': None, 'animations': None}, {'type': 'text', 'text': 'Bumpers Count: (jet_count)', 'y': '40%', '_default_settings': ['type', 'text', 'y'], 'x': None, 'anchor_x': 'center', 'anchor_y': 'center', 'round_anchor_x': None, 'round_anchor_y': None, 'opacity': 1.0, 'z': 0, 'reset_animations_events': {}, 'color': [1.0, 1.0, 1.0, 1.0], 'style': [], 'adjust_top': 0, 'adjust_bottom': 0, 'adjust_left': 0, 'adjust_right': 0, 'expire': None, 'key': None, 'widget': None, 'events_when_added': [], 'events_when_removed': [], 'font_size': 15, 'bitmap_font': False, 'font_kerning': True, 'bold': False, 'italic': False, 'number_grouping': False, 'min_digits': 0, 'halign': 'center', 'valign': 'middle', 'rotation': 0, 'scale': 1.0, 'casing': None, 'animations': None}], 'target': None, 'background_color': [0.0, 0.0, 0.0, 1.0], 'priority': None, 'show': True, 'force': False, 'expire': None, 'slide': None, 'tokens': {}, 'action': 'play'}}, 'context': 'base', 'calling_context': 'mode_base_started', 'priority': 100, 'player': 1, 'ball': 1, 'balls_remaining': 2, 'is_extra_ball': False}
2022-05-07 16:07:40,432 : mpfmc : SlidePlayer: Play called with settings={'widgets': {'widgets': [{'type': 'text', 'text': '(score)', 'number_grouping': True, 'min_digits': 2, 'font_size': 100, '_default_settings': ['type', 'text', 'number_grouping', 'min_digits', 'font_size'], 'x': None, 'y': None, 'anchor_x': 'center', 'anchor_y': 'center', 'round_anchor_x': None, 'round_anchor_y': None, 'opacity': 1.0, 'z': 0, 'reset_animations_events': {}, 'color': [1.0, 1.0, 1.0, 1.0], 'style': [], 'adjust_top': 0, 'adjust_bottom': 0, 'adjust_left': 0, 'adjust_right': 0, 'expire': None, 'key': None, 'widget': None, 'events_when_added': [], 'events_when_removed': [], 'bitmap_font': False, 'font_kerning': True, 'bold': False, 'italic': False, 'halign': 'center', 'valign': 'middle', 'rotation': 0, 'scale': 1.0, 'casing': None, 'animations': None}, {'type': 'text', 'text': 'PLAYER (number)', 'y': '10', 'x': '10', 'font_size': 50, 'anchor_x': 'left', 'anchor_y': 'bottom', '_default_settings': ['type', 'text', 'y', 'x', 'font_size', 'anchor_x', 'anchor_y'], 'round_anchor_x': None, 'round_anchor_y': None, 'opacity': 1.0, 'z': 0, 'reset_animations_events': {}, 'color': [1.0, 1.0, 1.0, 1.0], 'style': [], 'adjust_top': 0, 'adjust_bottom': 0, 'adjust_left': 0, 'adjust_right': 0, 'expire': None, 'key': None, 'widget': None, 'events_when_added': [], 'events_when_removed': [], 'bitmap_font': False, 'font_kerning': True, 'bold': False, 'italic': False, 'number_grouping': False, 'min_digits': 0, 'halign': 'center', 'valign': 'middle', 'rotation': 0, 'scale': 1.0, 'casing': None, 'animations': None}, {'type': 'text', 'text': 'BALL (ball)', 'y': '10', 'x': 'right-10', 'anchor_x': 'right', 'anchor_y': 'bottom', 'font_size': 50, '_default_settings': ['type', 'text', 'y', 'x', 'anchor_x', 'anchor_y', 'font_size'], 'round_anchor_x': None, 'round_anchor_y': None, 'opacity': 1.0, 'z': 0, 'reset_animations_events': {}, 'color': [1.0, 1.0, 1.0, 1.0], 'style': [], 'adjust_top': 0, 'adjust_bottom': 0, 'adjust_left': 0, 'adjust_right': 0, 'expire': None, 'key': None, 'widget': None, 'events_when_added': [], 'events_when_removed': [], 'bitmap_font': False, 'font_kerning': True, 'bold': False, 'italic': False, 'number_grouping': False, 'min_digits': 0, 'halign': 'center', 'valign': 'middle', 'rotation': 0, 'scale': 1.0, 'casing': None, 'animations': None}, {'type': 'text', 'text': 'Bumpers Count: (jet_count)', 'y': '40%', '_default_settings': ['type', 'text', 'y'], 'x': None, 'anchor_x': 'center', 'anchor_y': 'center', 'round_anchor_x': None, 'round_anchor_y': None, 'opacity': 1.0, 'z': 0, 'reset_animations_events': {}, 'color': [1.0, 1.0, 1.0, 1.0], 'style': [], 'adjust_top': 0, 'adjust_bottom': 0, 'adjust_left': 0, 'adjust_right': 0, 'expire': None, 'key': None, 'widget': None, 'events_when_added': [], 'events_when_removed': [], 'font_size': 15, 'bitmap_font': False, 'font_kerning': True, 'bold': False, 'italic': False, 'number_grouping': False, 'min_digits': 0, 'halign': 'center', 'valign': 'middle', 'rotation': 0, 'scale': 1.0, 'casing': None, 'animations': None}], 'target': None, 'background_color': [0.0, 0.0, 0.0, 1.0], 'priority': None, 'show': True, 'force': False, 'expire': None, 'slide': None, 'tokens': {}, 'action': 'play'}}
2022-05-07 16:07:40,439 : EventManager : Event: ======'slide_base.slide_player-mode_base_started_created'====== Args={}
2022-05-07 16:07:40,442 : EventManager : Event: ======'slide_base.slide_player-mode_base_started_active'====== Args={}
2022-05-07 16:07:40,556 : EventManager : Event: ======'machine_var_audits_switches_s_plunger'====== Args={'value': 75, 'prev_value': 74, 'change': 1}
2022-05-07 16:07:54,154 : kivy : Base: Leaving application in progress...
2022-05-07 16:07:54,155 : mpfmc : Stopping...
2022-05-07 16:07:54,155 : EventManager : Event: ======'shutdown'====== Args={}
2022-05-07 16:07:54,155 : AudioInterface : Disabling audio playback
2022-05-07 16:07:54,282 : MPF-MC BCP Server : Stopping BCP sending thread
2022-05-07 16:07:54,282 : mpfmc : Loop rate 73.41 Hz
2022-05-07 16:07:54,282 : mpfmc : Stopping...
2022-05-07 16:07:54,282 : kivy : MC run loop ended.
2022-05-07 16:07:54,282 : EventManager : Event: ======'shutdown'====== Args={}
2022-05-07 16:07:54,283 : kivy : Stopping child threads... (3 remaining)
2022-05-07 16:07:54,283 : mpfmc : Loop rate 73.41 Hz
2022-05-07 16:07:54,384 : kivy : All child threads stopped.
