2022-05-07 16:07:21,986 : INFO : root : Loading config.
2022-05-07 16:07:21,990 : INFO : YamlMultifileConfigLoader : Machine config file #1: config.yaml
2022-05-07 16:07:21,990 : INFO : ConfigProcessor : Loading config from file c:\users\repio\downloads\python3.7.8\lib\site-packages\mpf\mpfconfig.yaml.
2022-05-07 16:07:22,077 : INFO : ConfigProcessor : Loading config: c:\users\repio\downloads\python3.7.8\lib\site-packages\mpf\mpfconfig.yaml
2022-05-07 16:07:22,078 : INFO : ConfigProcessor : Loading config from file C:\repio\mpfenv\crazyFlip\config\config.yaml.
2022-05-07 16:07:22,094 : INFO : ConfigProcessor : Loading config: C:\repio\mpfenv\crazyFlip\config\config.yaml
2022-05-07 16:07:22,118 : INFO : ConfigProcessor : Loading config: C:\repio\mpfenv\crazyFlip\config\hardware.yaml
2022-05-07 16:07:22,121 : INFO : ConfigProcessor : Config file cache created: C:\Users\Repio\AppData\Local\Temp\25d46857b012d3821fe23cb4e6b6b034.mpf_cache
2022-05-07 16:07:22,182 : INFO : ConfigProcessor : Loading config from file c:\users\repio\downloads\python3.7.8\lib\site-packages\mpf\modes\attract\config\attract.yaml.
2022-05-07 16:07:22,184 : INFO : ConfigProcessor : Loading config: c:\users\repio\downloads\python3.7.8\lib\site-packages\mpf\modes\attract\config\attract.yaml
2022-05-07 16:07:22,185 : INFO : ConfigProcessor : Config file cache created: C:\Users\Repio\AppData\Local\Temp\768b97d3cdff3ba84c45a3739d497feb.mpf_cache
2022-05-07 16:07:22,185 : INFO : ConfigProcessor : Loading config from cache: C:\Users\Repio\AppData\Local\Temp\24f4c4ff75cc6aca9851c28bb2d62b1a.mpf_cache
2022-05-07 16:07:22,186 : INFO : ConfigProcessor : Loading config from file C:\repio\mpfenv\crazyFlip\modes\base\config\base.yaml.
2022-05-07 16:07:22,195 : INFO : ConfigProcessor : Loading config: C:\repio\mpfenv\crazyFlip\modes\base\config\base.yaml
2022-05-07 16:07:22,196 : INFO : ConfigProcessor : Config file cache created: C:\Users\Repio\AppData\Local\Temp\b1d7b75ee3dfcd96ec53ba2a7f4646eb.mpf_cache
2022-05-07 16:07:22,197 : INFO : Machine : Mission Pinball Framework Core Engine v0.55.0
2022-05-07 16:07:22,197 : INFO : Machine : Command line arguments: {'no_load_cache': False, 'create_config_cache': True, 'bcp': True, 'configfile': ['config.yaml'], 'force_assets_load': False, 'jsonlogging': False, 'logfile': 'logs\\2022-05-07-16-07-21-mpf-DESKTOP-SD7M9DD.log', 'pause': False, 'production': False, 'text_ui': True, 'loglevel': 15, 'consoleloglevel': 20, 'force_platform': 'smart_virtual', 'syslog_address': None, 'mc_file_name': None, 'no_sound': False}
2022-05-07 16:07:22,197 : INFO : Machine : MPF path: c:\users\repio\downloads\python3.7.8\lib\site-packages\mpf
2022-05-07 16:07:22,197 : INFO : Machine : Machine path: C:\repio\mpfenv\crazyFlip
2022-05-07 16:07:22,197 : INFO : Machine : Platform: win32
2022-05-07 16:07:22,197 : INFO : Machine : Python executable location: c:\users\repio\downloads\python3.7.8\python.exe
2022-05-07 16:07:22,197 : INFO : Machine : Python version: 3.7.8 (64-bit)
2022-05-07 16:07:22,199 : INFO : Machine : Initialise MPF.
2022-05-07 16:07:22,361 : INFO : EventManager : Event: ======'machine_var_credits_string'====== Args={'value': 'FREE PLAY', 'prev_value': None, 'change': True}
2022-05-07 16:07:22,409 : INFO : EventManager : Event: ======'machine_var_master_volume'====== Args={'value': 0.5, 'prev_value': None, 'change': True}
2022-05-07 16:07:22,409 : INFO : EventManager : Event: ======'machine_var_player1_score'====== Args={'value': 1700, 'prev_value': None, 'change': True}
2022-05-07 16:07:22,409 : INFO : EventManager : Event: ======'machine_var_player2_score'====== Args={'value': 850, 'prev_value': None, 'change': True}
2022-05-07 16:07:22,409 : INFO : EventManager : Event: ======'machine_var_mpf_version'====== Args={'value': 'MPF v0.55.0', 'prev_value': None, 'change': True}
2022-05-07 16:07:22,409 : INFO : EventManager : Event: ======'machine_var_mpf_extended_version'====== Args={'value': 'MPF v0.55.0, Config version:5, Show version: 5, BCP version:1.1', 'prev_value': None, 'change': True}
2022-05-07 16:07:22,409 : INFO : EventManager : Event: ======'machine_var_python_version'====== Args={'value': '3.7.8', 'prev_value': None, 'change': True}
2022-05-07 16:07:22,410 : INFO : EventManager : Event: ======'machine_var_platform'====== Args={'value': 'Windows-10-10.0.19041-SP0', 'prev_value': None, 'change': True}
2022-05-07 16:07:22,410 : INFO : EventManager : Event: ======'machine_var_platform_system'====== Args={'value': 'Windows', 'prev_value': None, 'change': True}
2022-05-07 16:07:22,410 : INFO : EventManager : Event: ======'machine_var_platform_release'====== Args={'value': '10', 'prev_value': None, 'change': True}
2022-05-07 16:07:22,410 : INFO : EventManager : Event: ======'machine_var_platform_version'====== Args={'value': '10.0.19041', 'prev_value': None, 'change': True}
2022-05-07 16:07:22,410 : INFO : EventManager : Event: ======'machine_var_platform_machine'====== Args={'value': 'AMD64', 'prev_value': None, 'change': True}
2022-05-07 16:07:22,410 : INFO : EventManager : Event: ======'init_phase_1'====== Args={}
2022-05-07 16:07:22,426 : INFO : EventManager : Event: ======'init_phase_2'====== Args={}
2022-05-07 16:07:22,427 : INFO : SwitchController : Found active switch: ('42', <Platform.SmartVirtual>) <switch.s_trough1>
2022-05-07 16:07:22,427 : INFO : SwitchController : Found active switch: ('43', <Platform.SmartVirtual>) <switch.s_trough2>
2022-05-07 16:07:22,427 : INFO : SwitchController : Found active switch: ('44', <Platform.SmartVirtual>) <switch.s_trough3>
2022-05-07 16:07:22,427 : INFO : SwitchController : Found active switch: ('45', <Platform.SmartVirtual>) <switch.s_trough4>
2022-05-07 16:07:22,427 : INFO : SwitchController : Found active switch: ('46', <Platform.SmartVirtual>) <switch.s_trough5>
2022-05-07 16:07:22,427 : INFO : SwitchController : Found active switch: ('47', <Platform.SmartVirtual>) <switch.s_trough6>
2022-05-07 16:07:22,432 : INFO : EventManager : Event: ======'bcp_connection_attempt'====== Args={'name': 'local_display', 'host': 'localhost', 'port': 5050}
2022-05-07 16:07:22,434 : INFO : BCPClientSocket : Connecting BCP to 'local_display' at localhost:5050...
2022-05-07 16:07:24,484 : INFO : BCPClientSocket : Connected BCP to 'local_display' localhost:5050
2022-05-07 16:07:24,485 : INFO : EventManager : Event: ======'bcp_clients_connected'====== Args={}
2022-05-07 16:07:24,490 : INFO : ball_device.bd_trough : BCH: Initial count: 6
2022-05-07 16:07:24,490 : INFO : ball_device.bd_trough : State: idle
2022-05-07 16:07:24,490 : INFO : ball_device.bd_plunger : BCH: Initial count: 0
2022-05-07 16:07:24,491 : INFO : ball_device.bd_plunger : State: idle
2022-05-07 16:07:24,553 : INFO : EventManager : Event: ======'init_phase_3'====== Args={}
2022-05-07 16:07:24,555 : INFO : EventManager : Event: ======'machine_var_mc_version'====== Args={'value': 'MPF-MC v0.55.0', 'prev_value': None, 'change': True}
2022-05-07 16:07:24,555 : INFO : EventManager : Event: ======'machine_var_mc_extended_version'====== Args={'value': 'MPF-MC v0.55.0 (config_version=5, BCP v1.1, Requires MPF v0.55.0-dev.49)', 'prev_value': None, 'change': True}
2022-05-07 16:07:24,557 : INFO : EventManager : Event: ======'init_phase_4'====== Args={}
2022-05-07 16:07:24,568 : INFO : BallController : Initial balls found: 6
2022-05-07 16:07:24,569 : INFO : EventManager : Event: ======'machine_var_audits_events_game_ended'====== Args={'value': 0, 'prev_value': None, 'change': True}
2022-05-07 16:07:24,570 : INFO : EventManager : Event: ======'machine_var_audits_events_game_started'====== Args={'value': 0, 'prev_value': None, 'change': True}
2022-05-07 16:07:24,570 : INFO : EventManager : Event: ======'machine_var_audits_player_score'====== Args={'value': {'average': 210.0, 'top': [1700, 1450, 850, 0, 0, 0, 0, 0, 0, 0], 'total': 15}, 'prev_value': None, 'change': True}
2022-05-07 16:07:24,570 : INFO : EventManager : Event: ======'machine_var_audits_switches_s_flipper_left'====== Args={'value': 12, 'prev_value': None, 'change': True}
2022-05-07 16:07:24,570 : INFO : EventManager : Event: ======'machine_var_audits_switches_s_flipper_right'====== Args={'value': 13, 'prev_value': None, 'change': True}
2022-05-07 16:07:24,571 : INFO : EventManager : Event: ======'machine_var_audits_switches_s_flipper_upper'====== Args={'value': 31, 'prev_value': None, 'change': True}
2022-05-07 16:07:24,571 : INFO : EventManager : Event: ======'machine_var_audits_switches_s_jet_down'====== Args={'value': 38, 'prev_value': None, 'change': True}
2022-05-07 16:07:24,571 : INFO : EventManager : Event: ======'machine_var_audits_switches_s_jet_left'====== Args={'value': 65, 'prev_value': None, 'change': True}
2022-05-07 16:07:24,571 : INFO : EventManager : Event: ======'machine_var_audits_switches_s_jet_right'====== Args={'value': 33, 'prev_value': None, 'change': True}
2022-05-07 16:07:24,572 : INFO : EventManager : Event: ======'machine_var_audits_switches_s_plunger'====== Args={'value': 74, 'prev_value': None, 'change': True}
2022-05-07 16:07:24,572 : INFO : EventManager : Event: ======'machine_var_audits_switches_s_right_inlane'====== Args={'value': 51, 'prev_value': None, 'change': True}
2022-05-07 16:07:24,573 : INFO : EventManager : Event: ======'machine_var_audits_switches_s_sling_left'====== Args={'value': 11, 'prev_value': None, 'change': True}
2022-05-07 16:07:24,573 : INFO : EventManager : Event: ======'machine_var_audits_switches_s_slingshot_right'====== Args={'value': 18, 'prev_value': None, 'change': True}
2022-05-07 16:07:24,573 : INFO : EventManager : Event: ======'machine_var_audits_switches_s_start'====== Args={'value': 45, 'prev_value': None, 'change': True}
2022-05-07 16:07:24,574 : INFO : EventManager : Event: ======'machine_var_audits_switches_s_trough1'====== Args={'value': 48, 'prev_value': None, 'change': True}
2022-05-07 16:07:24,574 : INFO : EventManager : Event: ======'machine_var_audits_switches_s_trough2'====== Args={'value': 2, 'prev_value': None, 'change': True}
2022-05-07 16:07:24,574 : INFO : EventManager : Event: ======'machine_var_audits_switches_s_trough3'====== Args={'value': 0, 'prev_value': None, 'change': True}
2022-05-07 16:07:24,575 : INFO : EventManager : Event: ======'machine_var_audits_switches_s_trough4'====== Args={'value': 0, 'prev_value': None, 'change': True}
2022-05-07 16:07:24,575 : INFO : EventManager : Event: ======'machine_var_audits_switches_s_trough5'====== Args={'value': 0, 'prev_value': None, 'change': True}
2022-05-07 16:07:24,575 : INFO : EventManager : Event: ======'machine_var_audits_switches_s_trough6'====== Args={'value': 0, 'prev_value': None, 'change': True}
2022-05-07 16:07:24,575 : INFO : EventManager : Event: ======'machine_var_audits_switches_s_trough_jam'====== Args={'value': 0, 'prev_value': None, 'change': True}
2022-05-07 16:07:24,576 : INFO : EventManager : Event: ======'init_phase_5'====== Args={}
2022-05-07 16:07:24,586 : INFO : EventManager : Event: ======'init_done'====== Args={}
2022-05-07 16:07:24,587 : INFO : EventManager : Event: ======'machine_reset_phase_1'====== Args={}
2022-05-07 16:07:24,593 : INFO : EventManager : Event: ======'slide_slide_start_removed'====== Args={'_from_bcp': True}
2022-05-07 16:07:24,594 : INFO : EventManager : Event: ======'slide_slide_start_created'====== Args={'_from_bcp': True}
2022-05-07 16:07:24,595 : INFO : EventManager : Event: ======'machine_reset_phase_2'====== Args={}
2022-05-07 16:07:24,596 : INFO : EventManager : Event: ======'machine_reset_phase_3'====== Args={}
2022-05-07 16:07:24,596 : INFO : EventManager : Event: ======'reset_complete'====== Args={}
2022-05-07 16:07:24,596 : INFO : EventManager : Event: ======'mode_attract_will_start'====== Args={}
2022-05-07 16:07:24,596 : INFO : EventManager : Event: ======'mode_attract_starting'====== Args={}
2022-05-07 16:07:24,597 : INFO : Mode.attract : Started. Priority: 10
2022-05-07 16:07:24,597 : INFO : EventManager : Event: ======'modes_active_modes_changed'====== Args={}
2022-05-07 16:07:24,597 : INFO : EventManager : Event: ======'mode_attract_started'====== Args={}
2022-05-07 16:07:24,597 : INFO : EventManager : Event: ======'collecting_balls_complete'====== Args={}
2022-05-07 16:07:24,597 : INFO : EventManager : Event: ======'slide_slide_start_active'====== Args={'_from_bcp': True}
2022-05-07 16:07:24,613 : INFO : EventManager : Event: ======'slide_attract_started_created'====== Args={'_from_bcp': True}
2022-05-07 16:07:24,613 : INFO : EventManager : Event: ======'slide_attract_started_active'====== Args={'_from_bcp': True}
2022-05-07 16:07:24,614 : INFO : Machine : Starting the main run loop.
2022-05-07 16:07:40,250 : INFO : SwitchController : <<<<<<< 's_start' active >>>>>>>
2022-05-07 16:07:40,397 : INFO : SwitchController : <<<<<<< 's_start' inactive >>>>>>>
2022-05-07 16:07:40,397 : INFO : EventManager : Event: ======'request_to_start_game'====== Args={}
2022-05-07 16:07:40,397 : INFO : EventManager : Event: ======'game_start'====== Args={'buttons': [], 'hold_time': 0.1410000000614673}
2022-05-07 16:07:40,397 : INFO : EventManager : Event: ======'mode_game_will_start'====== Args={'buttons': [], 'hold_time': 0.1410000000614673}
2022-05-07 16:07:40,398 : INFO : EventManager : Event: ======'mode_game_starting'====== Args={'buttons': [], 'hold_time': 0.1410000000614673}
2022-05-07 16:07:40,398 : INFO : EventManager : Event: ======'mode_attract_will_stop'====== Args={}
2022-05-07 16:07:40,398 : INFO : EventManager : Event: ======'mode_attract_stopping'====== Args={}
2022-05-07 16:07:40,398 : INFO : Mode.attract : Stopped.
2022-05-07 16:07:40,398 : INFO : EventManager : Event: ======'modes_active_modes_changed'====== Args={}
2022-05-07 16:07:40,398 : INFO : EventManager : Event: ======'mode_attract_stopped'====== Args={}
2022-05-07 16:07:40,398 : INFO : EventManager : Event: ======'clear'====== Args={'key': 'attract'}
2022-05-07 16:07:40,399 : INFO : Mode.game : Started. Priority: 20
2022-05-07 16:07:40,399 : INFO : EventManager : Event: ======'modes_active_modes_changed'====== Args={}
2022-05-07 16:07:40,399 : INFO : EventManager : Event: ======'mode_game_started'====== Args={'buttons': [], 'hold_time': 0.1410000000614673}
2022-05-07 16:07:40,403 : INFO : EventManager : Event: ======'game_will_start'====== Args={}
2022-05-07 16:07:40,403 : INFO : EventManager : Event: ======'game_starting'====== Args={'game': <Mode.game>}
2022-05-07 16:07:40,404 : INFO : EventManager : Event: ======'player_add_request'====== Args={}
2022-05-07 16:07:40,404 : INFO : EventManager : Event: ======'player_will_add'====== Args={'number': 1}
2022-05-07 16:07:40,404 : INFO : EventManager : Event: ======'player_adding'====== Args={'player': <Player 1>, 'number': 1}
2022-05-07 16:07:40,404 : INFO : EventManager : Event: ======'player_added'====== Args={'player': <Player 1>, 'num': 1}
2022-05-07 16:07:40,404 : INFO : Mode.game : Player added successfully. Total players: 1
2022-05-07 16:07:40,404 : INFO : EventManager : Event: ======'player_index'====== Args={'value': 0, 'prev_value': 0, 'change': 0, 'player_num': 1}
2022-05-07 16:07:40,404 : INFO : EventManager : Event: ======'player_number'====== Args={'value': 1, 'prev_value': 1, 'change': 0, 'player_num': 1}
2022-05-07 16:07:40,405 : INFO : EventManager : Event: ======'player_jet_count'====== Args={'value': 0, 'prev_value': 0, 'change': 0, 'player_num': 1}
2022-05-07 16:07:40,405 : INFO : EventManager : Event: ======'player_score'====== Args={'value': 0, 'prev_value': 0, 'change': 0, 'player_num': 1}
2022-05-07 16:07:40,405 : INFO : EventManager : Event: ======'game_started'====== Args={}
2022-05-07 16:07:40,416 : INFO : EventManager : Event: ======'player_turn_will_start'====== Args={'player': <Player 1>, 'number': 1}
2022-05-07 16:07:40,416 : INFO : EventManager : Event: ======'player_turn_starting'====== Args={'player': <Player 1>, 'number': 1}
2022-05-07 16:07:40,416 : INFO : EventManager : Event: ======'player_ball'====== Args={'value': 1, 'prev_value': 0, 'change': 1, 'player_num': 1}
2022-05-07 16:07:40,417 : INFO : EventManager : Event: ======'player_turn_started'====== Args={'player': <Player 1>, 'number': 1}
2022-05-07 16:07:40,418 : INFO : EventManager : Event: ======'ball_will_start'====== Args={'player': 1, 'ball': 1, 'balls_remaining': 2, 'is_extra_ball': False}
2022-05-07 16:07:40,421 : INFO : EventManager : Event: ======'ball_starting'====== Args={'player': 1, 'ball': 1, 'balls_remaining': 2, 'is_extra_ball': False}
2022-05-07 16:07:40,421 : INFO : EventManager : Event: ======'balls_in_play'====== Args={'balls': 1}
2022-05-07 16:07:40,421 : INFO : EventManager : Event: ======'ball_started'====== Args={'player': 1, 'ball': 1, 'balls_remaining': 2, 'is_extra_ball': False}
2022-05-07 16:07:40,421 : INFO : EventManager : Event: ======'mode_base_will_start'====== Args={'player': 1, 'ball': 1, 'balls_remaining': 2, 'is_extra_ball': False}
2022-05-07 16:07:40,422 : INFO : EventManager : Event: ======'mode_base_starting'====== Args={'player': 1, 'ball': 1, 'balls_remaining': 2, 'is_extra_ball': False}
2022-05-07 16:07:40,423 : INFO : Mode.base : Started. Priority: 100
2022-05-07 16:07:40,423 : INFO : EventManager : Event: ======'modes_active_modes_changed'====== Args={}
2022-05-07 16:07:40,423 : INFO : EventManager : Event: ======'mode_base_started'====== Args={'player': 1, 'ball': 1, 'balls_remaining': 2, 'is_extra_ball': False}
2022-05-07 16:07:40,424 : INFO : EventManager : Event: ======'single_player_ball_started'====== Args={}
2022-05-07 16:07:40,439 : INFO : EventManager : Event: ======'ball_start_target'====== Args={'target': 'playfield'}
2022-05-07 16:07:40,440 : INFO : ball_device.bd_plunger : Setting up player-controlled eject. Balls: 1, Target: <playfield.playfield>, player_controlled_eject_event: None
2022-05-07 16:07:40,440 : INFO : EventManager : Event: ======'balldevice_balls_available'====== Args={}
2022-05-07 16:07:40,441 : INFO : EventManager : Event: ======'slide_base.slide_player-mode_base_started_created'====== Args={'_from_bcp': True}
2022-05-07 16:07:40,442 : INFO : ball_device.bd_trough : State: waiting_for_target_ready
2022-05-07 16:07:40,442 : INFO : EventManager : Event: ======'balldevice_bd_trough_ball_eject_attempt'====== Args={'balls': 1, 'target': <ball_device.bd_plunger>, 'source': <ball_device.bd_trough>, 'mechanical_eject': True, 'num_attempts': 0}
2022-05-07 16:07:40,442 : INFO : ball_device.bd_plunger : State: waiting_for_ball
2022-05-07 16:07:40,443 : INFO : ball_device.bd_trough : State: ejecting
2022-05-07 16:07:40,443 : INFO : ball_device.bd_trough : Ejecting ball to <ball_device.bd_plunger>
2022-05-07 16:07:40,443 : INFO : EventManager : Event: ======'balldevice_bd_trough_ejecting_ball'====== Args={'balls': 1, 'target': <ball_device.bd_plunger>, 'source': <ball_device.bd_trough>, 'mechanical_eject': True, 'num_attempts': 0}
2022-05-07 16:07:40,443 : INFO : EventManager : Event: ======'slide_base.slide_player-mode_base_started_active'====== Args={'_from_bcp': True}
2022-05-07 16:07:40,444 : INFO : ball_device.bd_trough : Wait for ball to leave device
2022-05-07 16:07:40,444 : INFO : coil.c_trough_eject : Pulsing Driver for 20ms (1.0 pulse_power)
2022-05-07 16:07:40,444 : INFO : SwitchController : <<<<<<< 's_trough1' inactive >>>>>>>
2022-05-07 16:07:40,448 : INFO : ball_device.bd_trough : State: ball_left
2022-05-07 16:07:40,448 : INFO : ball_device.bd_trough : Ball left
2022-05-07 16:07:40,448 : INFO : ball_device.bd_trough : Wait for confirm with timeout 3.0
2022-05-07 16:07:40,551 : INFO : SwitchController : <<<<<<< 's_plunger' active >>>>>>>
2022-05-07 16:07:40,551 : INFO : EventManager : Event: ======'machine_var_audits_switches_s_plunger'====== Args={'value': 75, 'prev_value': 74, 'change': 1}
2022-05-07 16:07:41,059 : INFO : ball_device.bd_plunger : Received ball from <ball_device.bd_trough>
2022-05-07 16:07:41,060 : INFO : EventManager : Event: ======'balldevice_bd_plunger_ball_enter'====== Args={'new_balls': 1, 'unclaimed_balls': 0, 'new_available_balls': 0, 'device': <ball_device.bd_plunger>}
2022-05-07 16:07:41,060 : INFO : EventManager : Event: ======'balldevice_bd_plunger_ball_entered'====== Args={'new_balls': 0, 'device': <ball_device.bd_plunger>}
2022-05-07 16:07:41,060 : INFO : EventManager : Event: ======'balldevice_bd_plunger_ball_count_changed'====== Args={'balls': 1}
2022-05-07 16:07:41,060 : INFO : ball_device.bd_trough : Got eject confirm
2022-05-07 16:07:41,060 : INFO : ball_device.bd_trough : Eject successful
2022-05-07 16:07:41,060 : INFO : EventManager : Event: ======'balldevice_bd_trough_ball_eject_success'====== Args={'balls': 1, 'target': <ball_device.bd_plunger>}
2022-05-07 16:07:41,061 : INFO : ball_device.bd_plunger : State: waiting_for_target_ready
2022-05-07 16:07:41,061 : INFO : EventManager : Event: ======'balldevice_bd_plunger_ball_eject_attempt'====== Args={'balls': 1, 'target': <playfield.playfield>, 'source': <ball_device.bd_plunger>, 'mechanical_eject': True, 'num_attempts': 0}
2022-05-07 16:07:41,061 : INFO : EventManager : Event: ======'balldevice_bd_trough_ball_count_changed'====== Args={'balls': 5}
2022-05-07 16:07:41,061 : INFO : ball_device.bd_trough : State: idle
2022-05-07 16:07:41,061 : INFO : ball_device.bd_plunger : State: ejecting
2022-05-07 16:07:41,061 : INFO : ball_device.bd_plunger : Ejecting ball to <playfield.playfield>
2022-05-07 16:07:41,061 : INFO : EventManager : Event: ======'balldevice_bd_plunger_ejecting_ball'====== Args={'balls': 1, 'target': <playfield.playfield>, 'source': <ball_device.bd_plunger>, 'mechanical_eject': True, 'num_attempts': 0}
2022-05-07 16:07:41,062 : INFO : ball_device.bd_plunger : Wait for ball to leave device
2022-05-07 16:07:54,286 : INFO : Machine : Shutting down...
2022-05-07 16:07:54,286 : INFO : EventManager : Event: ======'shutdown'====== Args={}
2022-05-07 16:07:54,287 : INFO : root : MPF run loop ended.
